[09-Feb-2026 07:28:06 UTC] PHP Warning:  require(D:\laragon\www\project/vendor/autoload.php): Failed to open stream: No such file or directory in D:\laragon\www\project\artisan on line 10
[09-Feb-2026 07:28:06 UTC] PHP Fatal error:  Uncaught Error: Failed opening required 'D:\laragon\www\project/vendor/autoload.php' (include_path='.;D:/laragon/etc/php/pear') in D:\laragon\www\project\artisan:10
Stack trace:
#0 {main}
  thrown in D:\laragon\www\project\artisan on line 10
[13-Mar-2026 05:33:57 UTC] PHP Fatal error:  Composer detected issues in your platform: Your Composer dependencies require a PHP version ">= 8.2.0". You are running 8.0.30. in D:\laragon\www\Tenant\vendor\composer\platform_check.php on line 24
[13-Mar-2026 10:21:35 UTC] PHP Warning:  require(D:\laragon\www\CRM\public/../vendor/autoload.php): Failed to open stream: No such file or directory in D:\laragon\www\CRM\public\index.php on line 34
[13-Mar-2026 10:21:35 UTC] PHP Fatal error:  Uncaught Error: Failed opening required 'D:\laragon\www\CRM\public/../vendor/autoload.php' (include_path='.;D:/laragon/etc/php/pear') in D:\laragon\www\CRM\public\index.php:34
Stack trace:
#0 {main}
  thrown in D:\laragon\www\CRM\public\index.php on line 34
[18-Mar-2026 09:24:17 UTC] PHP Fatal error:  Composer detected issues in your platform: Your Composer dependencies require a PHP version ">= 8.2.0". You are running 7.4.7. in D:\laragon\www\project\vendor\composer\platform_check.php on line 24
[18-Mar-2026 09:42:57 UTC] PHP Fatal error:  Composer detected issues in your platform: Your Composer dependencies require a PHP version ">= 8.2.0". You are running 8.1.10. in D:\laragon\www\Tenant\vendor\composer\platform_check.php on line 24
[25-Mar-2026 10:13:41 UTC] PHP Fatal error:  Composer detected issues in your platform: Your Composer dependencies require a PHP version ">= 8.2.14". You are running 8.2.12. in D:\laragon\www\SoftCRM\vendor\composer\platform_check.php on line 22
[25-Mar-2026 10:13:42 UTC] PHP Fatal error:  Composer detected issues in your platform: Your Composer dependencies require a PHP version ">= 8.2.14". You are running 8.2.12. in D:\laragon\www\SoftCRM\vendor\composer\platform_check.php on line 22
[25-Mar-2026 10:13:57 UTC] PHP Fatal error:  Composer detected issues in your platform: Your Composer dependencies require a PHP version ">= 8.2.14". You are running 8.2.12. in D:\laragon\www\SoftCRM\vendor\composer\platform_check.php on line 22
[25-Mar-2026 10:13:57 UTC] PHP Fatal error:  Composer detected issues in your platform: Your Composer dependencies require a PHP version ">= 8.2.14". You are running 8.2.12. in D:\laragon\www\SoftCRM\vendor\composer\platform_check.php on line 22
[25-Mar-2026 10:13:58 UTC] PHP Fatal error:  Composer detected issues in your platform: Your Composer dependencies require a PHP version ">= 8.2.14". You are running 8.2.12. in D:\laragon\www\SoftCRM\vendor\composer\platform_check.php on line 22
[25-Mar-2026 10:13:58 UTC] PHP Fatal error:  Composer detected issues in your platform: Your Composer dependencies require a PHP version ">= 8.2.14". You are running 8.2.12. in D:\laragon\www\SoftCRM\vendor\composer\platform_check.php on line 22
[25-Mar-2026 10:13:58 UTC] PHP Fatal error:  Composer detected issues in your platform: Your Composer dependencies require a PHP version ">= 8.2.14". You are running 8.2.12. in D:\laragon\www\SoftCRM\vendor\composer\platform_check.php on line 22
[25-Mar-2026 10:13:58 UTC] PHP Fatal error:  Composer detected issues in your platform: Your Composer dependencies require a PHP version ">= 8.2.14". You are running 8.2.12. in D:\laragon\www\SoftCRM\vendor\composer\platform_check.php on line 22
[25-Mar-2026 10:14:04 UTC] PHP Fatal error:  Composer detected issues in your platform: Your Composer dependencies require a PHP version ">= 8.2.14". You are running 8.2.12. in D:\laragon\www\SoftCRM\vendor\composer\platform_check.php on line 22
[25-Mar-2026 10:14:04 UTC] PHP Fatal error:  Composer detected issues in your platform: Your Composer dependencies require a PHP version ">= 8.2.14". You are running 8.2.12. in D:\laragon\www\SoftCRM\vendor\composer\platform_check.php on line 22
[26-Mar-2026 06:58:13 UTC] PHP Fatal error:  Composer detected issues in your platform: Your Composer dependencies require a PHP version ">= 8.2.14". You are running 7.4.33. in D:\laragon\www\SoftCRM\vendor\composer\platform_check.php on line 24
[26-Mar-2026 06:58:14 UTC] PHP Fatal error:  Composer detected issues in your platform: Your Composer dependencies require a PHP version ">= 8.2.14". You are running 7.4.33. in D:\laragon\www\SoftCRM\vendor\composer\platform_check.php on line 24
[26-Mar-2026 07:19:03 UTC] PHP Deprecated:  Unparenthesized `a ? b : c ? d : e` is deprecated. Use either `(a ? b : c) ? d : e` or `a ? b : (c ? d : e)` in D:\laragon\www\laravel-pos-system-ecommerce\app\Http\Helpers.php on line 1122
[26-Mar-2026 07:31:19 UTC] PHP Deprecated:  Unparenthesized `a ? b : c ? d : e` is deprecated. Use either `(a ? b : c) ? d : e` or `a ? b : (c ? d : e)` in D:\laragon\www\laravel-pos-system-ecommerce\app\Http\Helpers.php on line 1122
[26-Mar-2026 07:33:19 UTC] PHP Deprecated:  Unparenthesized `a ? b : c ? d : e` is deprecated. Use either `(a ? b : c) ? d : e` or `a ? b : (c ? d : e)` in D:\laragon\www\laravel-pos-system-ecommerce\app\Http\Helpers.php on line 1122
[26-Mar-2026 07:33:23 UTC] PHP Deprecated:  Unparenthesized `a ? b : c ? d : e` is deprecated. Use either `(a ? b : c) ? d : e` or `a ? b : (c ? d : e)` in D:\laragon\www\laravel-pos-system-ecommerce\app\Http\Helpers.php on line 1122
[26-Mar-2026 07:33:35 UTC] PHP Deprecated:  Unparenthesized `a ? b : c ? d : e` is deprecated. Use either `(a ? b : c) ? d : e` or `a ? b : (c ? d : e)` in D:\laragon\www\laravel-pos-system-ecommerce\app\Http\Helpers.php on line 1122
[26-Mar-2026 07:33:37 UTC] PHP Deprecated:  Unparenthesized `a ? b : c ? d : e` is deprecated. Use either `(a ? b : c) ? d : e` or `a ? b : (c ? d : e)` in D:\laragon\www\laravel-pos-system-ecommerce\app\Http\Helpers.php on line 1122
[26-Mar-2026 07:33:39 UTC] PHP Deprecated:  Unparenthesized `a ? b : c ? d : e` is deprecated. Use either `(a ? b : c) ? d : e` or `a ? b : (c ? d : e)` in D:\laragon\www\laravel-pos-system-ecommerce\app\Http\Helpers.php on line 1122
[26-Mar-2026 07:33:40 UTC] PHP Deprecated:  Unparenthesized `a ? b : c ? d : e` is deprecated. Use either `(a ? b : c) ? d : e` or `a ? b : (c ? d : e)` in D:\laragon\www\laravel-pos-system-ecommerce\app\Http\Helpers.php on line 1122
[26-Mar-2026 07:33:40 UTC] PHP Deprecated:  Unparenthesized `a ? b : c ? d : e` is deprecated. Use either `(a ? b : c) ? d : e` or `a ? b : (c ? d : e)` in D:\laragon\www\laravel-pos-system-ecommerce\app\Http\Helpers.php on line 1122
[26-Mar-2026 07:33:40 UTC] PHP Deprecated:  Unparenthesized `a ? b : c ? d : e` is deprecated. Use either `(a ? b : c) ? d : e` or `a ? b : (c ? d : e)` in D:\laragon\www\laravel-pos-system-ecommerce\app\Http\Helpers.php on line 1122
[26-Mar-2026 07:33:40 UTC] PHP Deprecated:  Unparenthesized `a ? b : c ? d : e` is deprecated. Use either `(a ? b : c) ? d : e` or `a ? b : (c ? d : e)` in D:\laragon\www\laravel-pos-system-ecommerce\app\Http\Helpers.php on line 1122
[26-Mar-2026 07:33:40 UTC] PHP Deprecated:  Unparenthesized `a ? b : c ? d : e` is deprecated. Use either `(a ? b : c) ? d : e` or `a ? b : (c ? d : e)` in D:\laragon\www\laravel-pos-system-ecommerce\app\Http\Helpers.php on line 1122
[26-Mar-2026 07:33:41 UTC] PHP Deprecated:  Unparenthesized `a ? b : c ? d : e` is deprecated. Use either `(a ? b : c) ? d : e` or `a ? b : (c ? d : e)` in D:\laragon\www\laravel-pos-system-ecommerce\app\Http\Helpers.php on line 1122
[26-Mar-2026 07:33:43 UTC] PHP Deprecated:  Unparenthesized `a ? b : c ? d : e` is deprecated. Use either `(a ? b : c) ? d : e` or `a ? b : (c ? d : e)` in D:\laragon\www\laravel-pos-system-ecommerce\app\Http\Helpers.php on line 1122
[26-Mar-2026 07:33:43 UTC] PHP Deprecated:  Unparenthesized `a ? b : c ? d : e` is deprecated. Use either `(a ? b : c) ? d : e` or `a ? b : (c ? d : e)` in D:\laragon\www\laravel-pos-system-ecommerce\app\Http\Helpers.php on line 1122
[26-Mar-2026 07:33:43 UTC] PHP Deprecated:  Unparenthesized `a ? b : c ? d : e` is deprecated. Use either `(a ? b : c) ? d : e` or `a ? b : (c ? d : e)` in D:\laragon\www\laravel-pos-system-ecommerce\app\Http\Helpers.php on line 1122
[26-Mar-2026 07:33:43 UTC] PHP Deprecated:  Unparenthesized `a ? b : c ? d : e` is deprecated. Use either `(a ? b : c) ? d : e` or `a ? b : (c ? d : e)` in D:\laragon\www\laravel-pos-system-ecommerce\app\Http\Helpers.php on line 1122
[26-Mar-2026 07:33:43 UTC] PHP Deprecated:  Unparenthesized `a ? b : c ? d : e` is deprecated. Use either `(a ? b : c) ? d : e` or `a ? b : (c ? d : e)` in D:\laragon\www\laravel-pos-system-ecommerce\app\Http\Helpers.php on line 1122
[26-Mar-2026 07:33:43 UTC] PHP Deprecated:  Unparenthesized `a ? b : c ? d : e` is deprecated. Use either `(a ? b : c) ? d : e` or `a ? b : (c ? d : e)` in D:\laragon\www\laravel-pos-system-ecommerce\app\Http\Helpers.php on line 1122
[26-Mar-2026 07:33:43 UTC] PHP Deprecated:  Unparenthesized `a ? b : c ? d : e` is deprecated. Use either `(a ? b : c) ? d : e` or `a ? b : (c ? d : e)` in D:\laragon\www\laravel-pos-system-ecommerce\app\Http\Helpers.php on line 1122
[26-Mar-2026 07:33:43 UTC] PHP Deprecated:  Unparenthesized `a ? b : c ? d : e` is deprecated. Use either `(a ? b : c) ? d : e` or `a ? b : (c ? d : e)` in D:\laragon\www\laravel-pos-system-ecommerce\app\Http\Helpers.php on line 1122
[26-Mar-2026 07:33:44 UTC] PHP Deprecated:  Unparenthesized `a ? b : c ? d : e` is deprecated. Use either `(a ? b : c) ? d : e` or `a ? b : (c ? d : e)` in D:\laragon\www\laravel-pos-system-ecommerce\app\Http\Helpers.php on line 1122
[26-Mar-2026 07:33:44 UTC] PHP Deprecated:  Unparenthesized `a ? b : c ? d : e` is deprecated. Use either `(a ? b : c) ? d : e` or `a ? b : (c ? d : e)` in D:\laragon\www\laravel-pos-system-ecommerce\app\Http\Helpers.php on line 1122
[26-Mar-2026 07:33:44 UTC] PHP Deprecated:  Unparenthesized `a ? b : c ? d : e` is deprecated. Use either `(a ? b : c) ? d : e` or `a ? b : (c ? d : e)` in D:\laragon\www\laravel-pos-system-ecommerce\app\Http\Helpers.php on line 1122
[26-Mar-2026 07:33:44 UTC] PHP Deprecated:  Unparenthesized `a ? b : c ? d : e` is deprecated. Use either `(a ? b : c) ? d : e` or `a ? b : (c ? d : e)` in D:\laragon\www\laravel-pos-system-ecommerce\app\Http\Helpers.php on line 1122
[26-Mar-2026 07:33:44 UTC] PHP Deprecated:  Unparenthesized `a ? b : c ? d : e` is deprecated. Use either `(a ? b : c) ? d : e` or `a ? b : (c ? d : e)` in D:\laragon\www\laravel-pos-system-ecommerce\app\Http\Helpers.php on line 1122
[26-Mar-2026 07:33:45 UTC] PHP Deprecated:  Unparenthesized `a ? b : c ? d : e` is deprecated. Use either `(a ? b : c) ? d : e` or `a ? b : (c ? d : e)` in D:\laragon\www\laravel-pos-system-ecommerce\app\Http\Helpers.php on line 1122
[26-Mar-2026 07:33:45 UTC] PHP Deprecated:  Unparenthesized `a ? b : c ? d : e` is deprecated. Use either `(a ? b : c) ? d : e` or `a ? b : (c ? d : e)` in D:\laragon\www\laravel-pos-system-ecommerce\app\Http\Helpers.php on line 1122
[26-Mar-2026 07:33:45 UTC] PHP Deprecated:  Unparenthesized `a ? b : c ? d : e` is deprecated. Use either `(a ? b : c) ? d : e` or `a ? b : (c ? d : e)` in D:\laragon\www\laravel-pos-system-ecommerce\app\Http\Helpers.php on line 1122
[26-Mar-2026 07:33:45 UTC] PHP Deprecated:  Unparenthesized `a ? b : c ? d : e` is deprecated. Use either `(a ? b : c) ? d : e` or `a ? b : (c ? d : e)` in D:\laragon\www\laravel-pos-system-ecommerce\app\Http\Helpers.php on line 1122
[26-Mar-2026 07:33:49 UTC] PHP Deprecated:  Unparenthesized `a ? b : c ? d : e` is deprecated. Use either `(a ? b : c) ? d : e` or `a ? b : (c ? d : e)` in D:\laragon\www\laravel-pos-system-ecommerce\app\Http\Helpers.php on line 1122
[26-Mar-2026 07:34:01 UTC] PHP Deprecated:  Unparenthesized `a ? b : c ? d : e` is deprecated. Use either `(a ? b : c) ? d : e` or `a ? b : (c ? d : e)` in D:\laragon\www\laravel-pos-system-ecommerce\app\Http\Helpers.php on line 1122
[26-Mar-2026 07:34:05 UTC] PHP Deprecated:  Unparenthesized `a ? b : c ? d : e` is deprecated. Use either `(a ? b : c) ? d : e` or `a ? b : (c ? d : e)` in D:\laragon\www\laravel-pos-system-ecommerce\app\Http\Helpers.php on line 1122
[26-Mar-2026 07:34:10 UTC] PHP Deprecated:  Unparenthesized `a ? b : c ? d : e` is deprecated. Use either `(a ? b : c) ? d : e` or `a ? b : (c ? d : e)` in D:\laragon\www\laravel-pos-system-ecommerce\app\Http\Helpers.php on line 1122
[26-Mar-2026 07:34:12 UTC] PHP Deprecated:  Unparenthesized `a ? b : c ? d : e` is deprecated. Use either `(a ? b : c) ? d : e` or `a ? b : (c ? d : e)` in D:\laragon\www\laravel-pos-system-ecommerce\app\Http\Helpers.php on line 1122
[26-Mar-2026 07:34:13 UTC] PHP Deprecated:  Unparenthesized `a ? b : c ? d : e` is deprecated. Use either `(a ? b : c) ? d : e` or `a ? b : (c ? d : e)` in D:\laragon\www\laravel-pos-system-ecommerce\app\Http\Helpers.php on line 1122
[26-Mar-2026 07:34:13 UTC] PHP Deprecated:  Unparenthesized `a ? b : c ? d : e` is deprecated. Use either `(a ? b : c) ? d : e` or `a ? b : (c ? d : e)` in D:\laragon\www\laravel-pos-system-ecommerce\app\Http\Helpers.php on line 1122
[26-Mar-2026 07:34:13 UTC] PHP Deprecated:  Unparenthesized `a ? b : c ? d : e` is deprecated. Use either `(a ? b : c) ? d : e` or `a ? b : (c ? d : e)` in D:\laragon\www\laravel-pos-system-ecommerce\app\Http\Helpers.php on line 1122
[26-Mar-2026 07:34:13 UTC] PHP Deprecated:  Unparenthesized `a ? b : c ? d : e` is deprecated. Use either `(a ? b : c) ? d : e` or `a ? b : (c ? d : e)` in D:\laragon\www\laravel-pos-system-ecommerce\app\Http\Helpers.php on line 1122
[26-Mar-2026 07:34:13 UTC] PHP Deprecated:  Unparenthesized `a ? b : c ? d : e` is deprecated. Use either `(a ? b : c) ? d : e` or `a ? b : (c ? d : e)` in D:\laragon\www\laravel-pos-system-ecommerce\app\Http\Helpers.php on line 1122
[26-Mar-2026 07:34:13 UTC] PHP Deprecated:  Unparenthesized `a ? b : c ? d : e` is deprecated. Use either `(a ? b : c) ? d : e` or `a ? b : (c ? d : e)` in D:\laragon\www\laravel-pos-system-ecommerce\app\Http\Helpers.php on line 1122
[26-Mar-2026 07:34:14 UTC] PHP Deprecated:  Unparenthesized `a ? b : c ? d : e` is deprecated. Use either `(a ? b : c) ? d : e` or `a ? b : (c ? d : e)` in D:\laragon\www\laravel-pos-system-ecommerce\app\Http\Helpers.php on line 1122
[26-Mar-2026 07:34:14 UTC] PHP Deprecated:  Unparenthesized `a ? b : c ? d : e` is deprecated. Use either `(a ? b : c) ? d : e` or `a ? b : (c ? d : e)` in D:\laragon\www\laravel-pos-system-ecommerce\app\Http\Helpers.php on line 1122
[26-Mar-2026 07:34:14 UTC] PHP Deprecated:  Unparenthesized `a ? b : c ? d : e` is deprecated. Use either `(a ? b : c) ? d : e` or `a ? b : (c ? d : e)` in D:\laragon\www\laravel-pos-system-ecommerce\app\Http\Helpers.php on line 1122
[26-Mar-2026 07:34:14 UTC] PHP Deprecated:  Unparenthesized `a ? b : c ? d : e` is deprecated. Use either `(a ? b : c) ? d : e` or `a ? b : (c ? d : e)` in D:\laragon\www\laravel-pos-system-ecommerce\app\Http\Helpers.php on line 1122
[26-Mar-2026 07:34:14 UTC] PHP Deprecated:  Unparenthesized `a ? b : c ? d : e` is deprecated. Use either `(a ? b : c) ? d : e` or `a ? b : (c ? d : e)` in D:\laragon\www\laravel-pos-system-ecommerce\app\Http\Helpers.php on line 1122
[26-Mar-2026 07:34:14 UTC] PHP Deprecated:  Unparenthesized `a ? b : c ? d : e` is deprecated. Use either `(a ? b : c) ? d : e` or `a ? b : (c ? d : e)` in D:\laragon\www\laravel-pos-system-ecommerce\app\Http\Helpers.php on line 1122
[26-Mar-2026 07:34:14 UTC] PHP Deprecated:  Unparenthesized `a ? b : c ? d : e` is deprecated. Use either `(a ? b : c) ? d : e` or `a ? b : (c ? d : e)` in D:\laragon\www\laravel-pos-system-ecommerce\app\Http\Helpers.php on line 1122
[26-Mar-2026 07:34:14 UTC] PHP Deprecated:  Unparenthesized `a ? b : c ? d : e` is deprecated. Use either `(a ? b : c) ? d : e` or `a ? b : (c ? d : e)` in D:\laragon\www\laravel-pos-system-ecommerce\app\Http\Helpers.php on line 1122
[26-Mar-2026 07:34:14 UTC] PHP Deprecated:  Unparenthesized `a ? b : c ? d : e` is deprecated. Use either `(a ? b : c) ? d : e` or `a ? b : (c ? d : e)` in D:\laragon\www\laravel-pos-system-ecommerce\app\Http\Helpers.php on line 1122
[26-Mar-2026 07:34:15 UTC] PHP Deprecated:  Unparenthesized `a ? b : c ? d : e` is deprecated. Use either `(a ? b : c) ? d : e` or `a ? b : (c ? d : e)` in D:\laragon\www\laravel-pos-system-ecommerce\app\Http\Helpers.php on line 1122
[26-Mar-2026 07:34:15 UTC] PHP Deprecated:  Unparenthesized `a ? b : c ? d : e` is deprecated. Use either `(a ? b : c) ? d : e` or `a ? b : (c ? d : e)` in D:\laragon\www\laravel-pos-system-ecommerce\app\Http\Helpers.php on line 1122
[26-Mar-2026 07:34:15 UTC] PHP Deprecated:  Unparenthesized `a ? b : c ? d : e` is deprecated. Use either `(a ? b : c) ? d : e` or `a ? b : (c ? d : e)` in D:\laragon\www\laravel-pos-system-ecommerce\app\Http\Helpers.php on line 1122
[26-Mar-2026 07:34:15 UTC] PHP Deprecated:  Unparenthesized `a ? b : c ? d : e` is deprecated. Use either `(a ? b : c) ? d : e` or `a ? b : (c ? d : e)` in D:\laragon\www\laravel-pos-system-ecommerce\app\Http\Helpers.php on line 1122
[26-Mar-2026 07:34:15 UTC] PHP Deprecated:  Unparenthesized `a ? b : c ? d : e` is deprecated. Use either `(a ? b : c) ? d : e` or `a ? b : (c ? d : e)` in D:\laragon\www\laravel-pos-system-ecommerce\app\Http\Helpers.php on line 1122
[26-Mar-2026 07:34:15 UTC] PHP Deprecated:  Unparenthesized `a ? b : c ? d : e` is deprecated. Use either `(a ? b : c) ? d : e` or `a ? b : (c ? d : e)` in D:\laragon\www\laravel-pos-system-ecommerce\app\Http\Helpers.php on line 1122
[26-Mar-2026 07:34:15 UTC] PHP Deprecated:  Unparenthesized `a ? b : c ? d : e` is deprecated. Use either `(a ? b : c) ? d : e` or `a ? b : (c ? d : e)` in D:\laragon\www\laravel-pos-system-ecommerce\app\Http\Helpers.php on line 1122
[26-Mar-2026 07:34:15 UTC] PHP Deprecated:  Unparenthesized `a ? b : c ? d : e` is deprecated. Use either `(a ? b : c) ? d : e` or `a ? b : (c ? d : e)` in D:\laragon\www\laravel-pos-system-ecommerce\app\Http\Helpers.php on line 1122
[26-Mar-2026 07:34:16 UTC] PHP Deprecated:  Unparenthesized `a ? b : c ? d : e` is deprecated. Use either `(a ? b : c) ? d : e` or `a ? b : (c ? d : e)` in D:\laragon\www\laravel-pos-system-ecommerce\app\Http\Helpers.php on line 1122
[26-Mar-2026 07:34:25 UTC] PHP Deprecated:  Unparenthesized `a ? b : c ? d : e` is deprecated. Use either `(a ? b : c) ? d : e` or `a ? b : (c ? d : e)` in D:\laragon\www\laravel-pos-system-ecommerce\app\Http\Helpers.php on line 1122
[26-Mar-2026 07:34:25 UTC] PHP Deprecated:  Unparenthesized `a ? b : c ? d : e` is deprecated. Use either `(a ? b : c) ? d : e` or `a ? b : (c ? d : e)` in D:\laragon\www\laravel-pos-system-ecommerce\app\Http\Helpers.php on line 1122
[26-Mar-2026 07:34:25 UTC] PHP Deprecated:  Unparenthesized `a ? b : c ? d : e` is deprecated. Use either `(a ? b : c) ? d : e` or `a ? b : (c ? d : e)` in D:\laragon\www\laravel-pos-system-ecommerce\app\Http\Helpers.php on line 1122
[26-Mar-2026 07:34:25 UTC] PHP Deprecated:  Unparenthesized `a ? b : c ? d : e` is deprecated. Use either `(a ? b : c) ? d : e` or `a ? b : (c ? d : e)` in D:\laragon\www\laravel-pos-system-ecommerce\app\Http\Helpers.php on line 1122
[26-Mar-2026 07:34:25 UTC] PHP Deprecated:  Unparenthesized `a ? b : c ? d : e` is deprecated. Use either `(a ? b : c) ? d : e` or `a ? b : (c ? d : e)` in D:\laragon\www\laravel-pos-system-ecommerce\app\Http\Helpers.php on line 1122
[26-Mar-2026 07:34:25 UTC] PHP Deprecated:  Unparenthesized `a ? b : c ? d : e` is deprecated. Use either `(a ? b : c) ? d : e` or `a ? b : (c ? d : e)` in D:\laragon\www\laravel-pos-system-ecommerce\app\Http\Helpers.php on line 1122
[26-Mar-2026 07:34:25 UTC] PHP Deprecated:  Unparenthesized `a ? b : c ? d : e` is deprecated. Use either `(a ? b : c) ? d : e` or `a ? b : (c ? d : e)` in D:\laragon\www\laravel-pos-system-ecommerce\app\Http\Helpers.php on line 1122
[26-Mar-2026 07:34:26 UTC] PHP Deprecated:  Unparenthesized `a ? b : c ? d : e` is deprecated. Use either `(a ? b : c) ? d : e` or `a ? b : (c ? d : e)` in D:\laragon\www\laravel-pos-system-ecommerce\app\Http\Helpers.php on line 1122
[26-Mar-2026 07:40:27 UTC] PHP Deprecated:  Unparenthesized `a ? b : c ? d : e` is deprecated. Use either `(a ? b : c) ? d : e` or `a ? b : (c ? d : e)` in D:\laragon\www\laravel-pos-system-ecommerce\app\Http\Helpers.php on line 1122
[26-Mar-2026 07:40:28 UTC] PHP Deprecated:  Unparenthesized `a ? b : c ? d : e` is deprecated. Use either `(a ? b : c) ? d : e` or `a ? b : (c ? d : e)` in D:\laragon\www\laravel-pos-system-ecommerce\app\Http\Helpers.php on line 1122
[26-Mar-2026 07:40:28 UTC] PHP Deprecated:  Unparenthesized `a ? b : c ? d : e` is deprecated. Use either `(a ? b : c) ? d : e` or `a ? b : (c ? d : e)` in D:\laragon\www\laravel-pos-system-ecommerce\app\Http\Helpers.php on line 1122
[26-Mar-2026 07:40:29 UTC] PHP Deprecated:  Unparenthesized `a ? b : c ? d : e` is deprecated. Use either `(a ? b : c) ? d : e` or `a ? b : (c ? d : e)` in D:\laragon\www\laravel-pos-system-ecommerce\app\Http\Helpers.php on line 1122
[26-Mar-2026 07:40:29 UTC] PHP Deprecated:  Unparenthesized `a ? b : c ? d : e` is deprecated. Use either `(a ? b : c) ? d : e` or `a ? b : (c ? d : e)` in D:\laragon\www\laravel-pos-system-ecommerce\app\Http\Helpers.php on line 1122
[26-Mar-2026 07:40:29 UTC] PHP Deprecated:  Unparenthesized `a ? b : c ? d : e` is deprecated. Use either `(a ? b : c) ? d : e` or `a ? b : (c ? d : e)` in D:\laragon\www\laravel-pos-system-ecommerce\app\Http\Helpers.php on line 1122
[26-Mar-2026 07:40:29 UTC] PHP Deprecated:  Unparenthesized `a ? b : c ? d : e` is deprecated. Use either `(a ? b : c) ? d : e` or `a ? b : (c ? d : e)` in D:\laragon\www\laravel-pos-system-ecommerce\app\Http\Helpers.php on line 1122
[26-Mar-2026 07:40:29 UTC] PHP Deprecated:  Unparenthesized `a ? b : c ? d : e` is deprecated. Use either `(a ? b : c) ? d : e` or `a ? b : (c ? d : e)` in D:\laragon\www\laravel-pos-system-ecommerce\app\Http\Helpers.php on line 1122
[26-Mar-2026 07:41:04 UTC] PHP Fatal error:  Composer detected issues in your platform: Your Composer dependencies require a PHP version ">= 8.2.14". You are running 7.4.7. in D:\laragon\www\SoftCRM\vendor\composer\platform_check.php on line 24
[26-Mar-2026 07:41:04 UTC] PHP Fatal error:  Composer detected issues in your platform: Your Composer dependencies require a PHP version ">= 8.2.14". You are running 7.4.7. in D:\laragon\www\SoftCRM\vendor\composer\platform_check.php on line 24
[30-Mar-2026 14:45:30 UTC] PHP Warning:  Unknown: Failed to open stream: No such file or directory in Unknown on line 0
[30-Mar-2026 14:45:30 UTC] PHP Fatal error:  Failed opening required 'D:\laragon\www\sales_force\server.php' (include_path='.;D:/laragon/etc/php/pear') in Unknown on line 0
[30-Mar-2026 14:45:30 UTC] PHP Warning:  Unknown: Failed to open stream: No such file or directory in Unknown on line 0
[30-Mar-2026 14:45:30 UTC] PHP Fatal error:  Failed opening required 'D:\laragon\www\sales_force\server.php' (include_path='.;D:/laragon/etc/php/pear') in Unknown on line 0
[30-Mar-2026 14:46:31 UTC] PHP Warning:  Unknown: Failed to open stream: No such file or directory in Unknown on line 0
[30-Mar-2026 14:46:31 UTC] PHP Fatal error:  Failed opening required 'D:\laragon\www\sales_force\server.php' (include_path='.;D:/laragon/etc/php/pear') in Unknown on line 0
[30-Mar-2026 14:46:31 UTC] PHP Warning:  Unknown: Failed to open stream: No such file or directory in Unknown on line 0
[30-Mar-2026 14:46:31 UTC] PHP Fatal error:  Failed opening required 'D:\laragon\www\sales_force\server.php' (include_path='.;D:/laragon/etc/php/pear') in Unknown on line 0
[30-Mar-2026 14:48:48 UTC] PHP Warning:  Unknown: Failed to open stream: No such file or directory in Unknown on line 0
[30-Mar-2026 14:48:48 UTC] PHP Fatal error:  Failed opening required 'D:\laragon\www\sales_force\server.php' (include_path='.;D:/laragon/etc/php/pear') in Unknown on line 0
[30-Mar-2026 14:48:48 UTC] PHP Warning:  Unknown: Failed to open stream: No such file or directory in Unknown on line 0
[30-Mar-2026 14:48:48 UTC] PHP Fatal error:  Failed opening required 'D:\laragon\www\sales_force\server.php' (include_path='.;D:/laragon/etc/php/pear') in Unknown on line 0
[30-Mar-2026 14:49:52 UTC] PHP Warning:  Unknown: Failed to open stream: No such file or directory in Unknown on line 0
[30-Mar-2026 14:49:52 UTC] PHP Fatal error:  Failed opening required 'D:\laragon\www\sales_force\server.php' (include_path='.;D:/laragon/etc/php/pear') in Unknown on line 0
[30-Mar-2026 14:49:52 UTC] PHP Warning:  Unknown: Failed to open stream: No such file or directory in Unknown on line 0
[30-Mar-2026 14:49:52 UTC] PHP Fatal error:  Failed opening required 'D:\laragon\www\sales_force\server.php' (include_path='.;D:/laragon/etc/php/pear') in Unknown on line 0
[30-Mar-2026 14:50:05 UTC] PHP Warning:  Unknown: Failed to open stream: No such file or directory in Unknown on line 0
[30-Mar-2026 14:50:06 UTC] PHP Fatal error:  Failed opening required 'D:\laragon\www\sales_force\server.php' (include_path='.;D:/laragon/etc/php/pear') in Unknown on line 0
[30-Mar-2026 14:50:06 UTC] PHP Warning:  Unknown: Failed to open stream: No such file or directory in Unknown on line 0
[30-Mar-2026 14:50:06 UTC] PHP Fatal error:  Failed opening required 'D:\laragon\www\sales_force\server.php' (include_path='.;D:/laragon/etc/php/pear') in Unknown on line 0
[30-Mar-2026 14:50:06 UTC] PHP Warning:  Unknown: Failed to open stream: No such file or directory in Unknown on line 0
[30-Mar-2026 14:50:06 UTC] PHP Fatal error:  Failed opening required 'D:\laragon\www\sales_force\server.php' (include_path='.;D:/laragon/etc/php/pear') in Unknown on line 0
[30-Mar-2026 14:50:06 UTC] PHP Warning:  Unknown: Failed to open stream: No such file or directory in Unknown on line 0
[30-Mar-2026 14:50:06 UTC] PHP Fatal error:  Failed opening required 'D:\laragon\www\sales_force\server.php' (include_path='.;D:/laragon/etc/php/pear') in Unknown on line 0
[30-Mar-2026 14:50:06 UTC] PHP Warning:  Unknown: Failed to open stream: No such file or directory in Unknown on line 0
[30-Mar-2026 14:50:06 UTC] PHP Fatal error:  Failed opening required 'D:\laragon\www\sales_force\server.php' (include_path='.;D:/laragon/etc/php/pear') in Unknown on line 0
[30-Mar-2026 14:50:07 UTC] PHP Warning:  Unknown: Failed to open stream: No such file or directory in Unknown on line 0
[30-Mar-2026 14:50:07 UTC] PHP Fatal error:  Failed opening required 'D:\laragon\www\sales_force\server.php' (include_path='.;D:/laragon/etc/php/pear') in Unknown on line 0
[30-Mar-2026 14:50:07 UTC] PHP Warning:  Unknown: Failed to open stream: No such file or directory in Unknown on line 0
[30-Mar-2026 14:50:07 UTC] PHP Fatal error:  Failed opening required 'D:\laragon\www\sales_force\server.php' (include_path='.;D:/laragon/etc/php/pear') in Unknown on line 0
[30-Mar-2026 14:50:07 UTC] PHP Warning:  Unknown: Failed to open stream: No such file or directory in Unknown on line 0
[30-Mar-2026 14:50:07 UTC] PHP Fatal error:  Failed opening required 'D:\laragon\www\sales_force\server.php' (include_path='.;D:/laragon/etc/php/pear') in Unknown on line 0
[30-Mar-2026 14:50:07 UTC] PHP Warning:  Unknown: Failed to open stream: No such file or directory in Unknown on line 0
[30-Mar-2026 14:50:07 UTC] PHP Fatal error:  Failed opening required 'D:\laragon\www\sales_force\server.php' (include_path='.;D:/laragon/etc/php/pear') in Unknown on line 0
[30-Mar-2026 14:50:08 UTC] PHP Warning:  Unknown: Failed to open stream: No such file or directory in Unknown on line 0
[30-Mar-2026 14:50:08 UTC] PHP Fatal error:  Failed opening required 'D:\laragon\www\sales_force\server.php' (include_path='.;D:/laragon/etc/php/pear') in Unknown on line 0
[30-Mar-2026 14:50:12 UTC] PHP Warning:  Unknown: Failed to open stream: No such file or directory in Unknown on line 0
[30-Mar-2026 14:50:12 UTC] PHP Fatal error:  Failed opening required 'D:\laragon\www\sales_force\server.php' (include_path='.;D:/laragon/etc/php/pear') in Unknown on line 0
[30-Mar-2026 14:50:12 UTC] PHP Warning:  Unknown: Failed to open stream: No such file or directory in Unknown on line 0
[30-Mar-2026 14:50:12 UTC] PHP Fatal error:  Failed opening required 'D:\laragon\www\sales_force\server.php' (include_path='.;D:/laragon/etc/php/pear') in Unknown on line 0
[31-Mar-2026 06:22:50 UTC] PHP Fatal error:  Composer detected issues in your platform: Your Composer dependencies require a PHP version ">= 8.2.14". You are running 8.1.10. in D:\laragon\www\pos-crm\vendor\composer\platform_check.php on line 24
[31-Mar-2026 06:22:50 UTC] PHP Fatal error:  Composer detected issues in your platform: Your Composer dependencies require a PHP version ">= 8.2.14". You are running 8.1.10. in D:\laragon\www\pos-crm\vendor\composer\platform_check.php on line 24
[31-Mar-2026 06:23:34 UTC] PHP Fatal error:  Composer detected issues in your platform: Your Composer dependencies require a PHP version ">= 8.2.14". You are running 8.2.12. in D:\laragon\www\pos-crm\vendor\composer\platform_check.php on line 22
[31-Mar-2026 06:23:34 UTC] PHP Fatal error:  Composer detected issues in your platform: Your Composer dependencies require a PHP version ">= 8.2.14". You are running 8.2.12. in D:\laragon\www\pos-crm\vendor\composer\platform_check.php on line 22
[31-Mar-2026 06:23:58 UTC] PHP Fatal error:  Composer detected issues in your platform: Your Composer dependencies require a PHP version ">= 8.2.14". You are running 8.2.12. in D:\laragon\www\pos-crm\vendor\composer\platform_check.php on line 22
[31-Mar-2026 06:23:58 UTC] PHP Fatal error:  Composer detected issues in your platform: Your Composer dependencies require a PHP version ">= 8.2.14". You are running 8.2.12. in D:\laragon\www\pos-crm\vendor\composer\platform_check.php on line 22
[31-Mar-2026 06:26:02 UTC] PHP Fatal error:  Cannot use isset() on the result of an expression (you can use "null !== expression" instead) in D:\laragon\www\pos-crm\storage\framework\views\28182092bfe8f0e76b5aa7464888669b.php on line 13
[14-Apr-2026 13:49:50 UTC] PHP Deprecated:  Return type of Illuminate\Container\Container::offsetExists($key) should either be compatible with ArrayAccess::offsetExists(mixed $offset): bool, or the #[\ReturnTypeWillChange] attribute should be used to temporarily suppress the notice in D:\laragon\www\laravel-pos-system-ecommerce\vendor\laravel\framework\src\Illuminate\Container\Container.php on line 1231
[14-Apr-2026 13:49:50 UTC] PHP Deprecated:  Return type of Illuminate\Container\Container::offsetGet($key) should either be compatible with ArrayAccess::offsetGet(mixed $offset): mixed, or the #[\ReturnTypeWillChange] attribute should be used to temporarily suppress the notice in D:\laragon\www\laravel-pos-system-ecommerce\vendor\laravel\framework\src\Illuminate\Container\Container.php on line 1242
[14-Apr-2026 13:49:50 UTC] PHP Deprecated:  Return type of Illuminate\Container\Container::offsetSet($key, $value) should either be compatible with ArrayAccess::offsetSet(mixed $offset, mixed $value): void, or the #[\ReturnTypeWillChange] attribute should be used to temporarily suppress the notice in D:\laragon\www\laravel-pos-system-ecommerce\vendor\laravel\framework\src\Illuminate\Container\Container.php on line 1254
[14-Apr-2026 13:49:50 UTC] PHP Deprecated:  Return type of Illuminate\Container\Container::offsetUnset($key) should either be compatible with ArrayAccess::offsetUnset(mixed $offset): void, or the #[\ReturnTypeWillChange] attribute should be used to temporarily suppress the notice in D:\laragon\www\laravel-pos-system-ecommerce\vendor\laravel\framework\src\Illuminate\Container\Container.php on line 1267
[14-Apr-2026 13:49:50 UTC] PHP Deprecated:  Return type of Illuminate\Routing\RouteCollection::count() should either be compatible with Countable::count(): int, or the #[\ReturnTypeWillChange] attribute should be used to temporarily suppress the notice in D:\laragon\www\laravel-pos-system-ecommerce\vendor\laravel\framework\src\Illuminate\Routing\RouteCollection.php on line 355
[14-Apr-2026 13:49:50 UTC] PHP Deprecated:  Return type of Illuminate\Routing\RouteCollection::getIterator() should either be compatible with IteratorAggregate::getIterator(): Traversable, or the #[\ReturnTypeWillChange] attribute should be used to temporarily suppress the notice in D:\laragon\www\laravel-pos-system-ecommerce\vendor\laravel\framework\src\Illuminate\Routing\RouteCollection.php on line 345
[14-Apr-2026 13:49:51 UTC] PHP Deprecated:  Return type of Illuminate\Http\Request::offsetExists($offset) should either be compatible with ArrayAccess::offsetExists(mixed $offset): bool, or the #[\ReturnTypeWillChange] attribute should be used to temporarily suppress the notice in D:\laragon\www\laravel-pos-system-ecommerce\vendor\laravel\framework\src\Illuminate\Http\Request.php on line 641
[14-Apr-2026 13:49:51 UTC] PHP Deprecated:  Return type of Illuminate\Http\Request::offsetGet($offset) should either be compatible with ArrayAccess::offsetGet(mixed $offset): mixed, or the #[\ReturnTypeWillChange] attribute should be used to temporarily suppress the notice in D:\laragon\www\laravel-pos-system-ecommerce\vendor\laravel\framework\src\Illuminate\Http\Request.php on line 655
[14-Apr-2026 13:49:51 UTC] PHP Deprecated:  Return type of Illuminate\Http\Request::offsetSet($offset, $value) should either be compatible with ArrayAccess::offsetSet(mixed $offset, mixed $value): void, or the #[\ReturnTypeWillChange] attribute should be used to temporarily suppress the notice in D:\laragon\www\laravel-pos-system-ecommerce\vendor\laravel\framework\src\Illuminate\Http\Request.php on line 667
[14-Apr-2026 13:49:51 UTC] PHP Deprecated:  Return type of Illuminate\Http\Request::offsetUnset($offset) should either be compatible with ArrayAccess::offsetUnset(mixed $offset): void, or the #[\ReturnTypeWillChange] attribute should be used to temporarily suppress the notice in D:\laragon\www\laravel-pos-system-ecommerce\vendor\laravel\framework\src\Illuminate\Http\Request.php on line 678
[14-Apr-2026 13:49:51 UTC] PHP Deprecated:  Return type of Illuminate\Config\Repository::offsetExists($key) should either be compatible with ArrayAccess::offsetExists(mixed $offset): bool, or the #[\ReturnTypeWillChange] attribute should be used to temporarily suppress the notice in D:\laragon\www\laravel-pos-system-ecommerce\vendor\laravel\framework\src\Illuminate\Config\Repository.php on line 141
[14-Apr-2026 13:49:51 UTC] PHP Deprecated:  Return type of Illuminate\Config\Repository::offsetGet($key) should either be compatible with ArrayAccess::offsetGet(mixed $offset): mixed, or the #[\ReturnTypeWillChange] attribute should be used to temporarily suppress the notice in D:\laragon\www\laravel-pos-system-ecommerce\vendor\laravel\framework\src\Illuminate\Config\Repository.php on line 152
[14-Apr-2026 13:49:51 UTC] PHP Deprecated:  Return type of Illuminate\Config\Repository::offsetSet($key, $value) should either be compatible with ArrayAccess::offsetSet(mixed $offset, mixed $value): void, or the #[\ReturnTypeWillChange] attribute should be used to temporarily suppress the notice in D:\laragon\www\laravel-pos-system-ecommerce\vendor\laravel\framework\src\Illuminate\Config\Repository.php on line 164
[14-Apr-2026 13:49:51 UTC] PHP Deprecated:  Return type of Illuminate\Config\Repository::offsetUnset($key) should either be compatible with ArrayAccess::offsetUnset(mixed $offset): void, or the #[\ReturnTypeWillChange] attribute should be used to temporarily suppress the notice in D:\laragon\www\laravel-pos-system-ecommerce\vendor\laravel\framework\src\Illuminate\Config\Repository.php on line 175
[14-Apr-2026 13:49:51 UTC] PHP Fatal error:  During inheritance of ArrayAccess: Uncaught ErrorException: Return type of Illuminate\Support\Collection::offsetExists($key) should either be compatible with ArrayAccess::offsetExists(mixed $offset): bool, or the #[\ReturnTypeWillChange] attribute should be used to temporarily suppress the notice in D:\laragon\www\laravel-pos-system-ecommerce\vendor\laravel\framework\src\Illuminate\Support\Collection.php:1277
Stack trace:
#0 D:\laragon\www\laravel-pos-system-ecommerce\vendor\laravel\framework\src\Illuminate\Support\Collection.php(11): Illuminate\Foundation\Bootstrap\HandleExceptions->handleError(8192, 'Return type of ...', 'D:\\laragon\\www\\...', 1277)
#1 D:\laragon\www\laravel-pos-system-ecommerce\vendor\composer\ClassLoader.php(571): include('D:\\laragon\\www\\...')
#2 D:\laragon\www\laravel-pos-system-ecommerce\vendor\composer\ClassLoader.php(428): Composer\Autoload\includeFile('D:\\laragon\\www\\...')
#3 D:\laragon\www\laravel-pos-system-ecommerce\vendor\laravel\framework\src\Illuminate\Support\helpers.php(109): Composer\Autoload\ClassLoader->loadClass('Illuminate\\Supp...')
#4 D:\laragon\www\laravel-pos-system-ecommerce\vendor\laravel\framework\src\Illuminate\Foundation\PackageManifest.php(89): collect(Array)
#5 D:\laragon\www\laravel-pos-system-ecommerce\vendor\laravel\framework\src\Illuminate\Foundation\PackageManifest.php(78): Illuminate\Foundation\PackageManifest->config('aliases')
#6 D:\laragon\www\laravel-pos-system-ecommerce\vendor\laravel\framework\src\Illuminate\Foundation\Bootstrap\RegisterFacades.php(26): Illuminate\Foundation\PackageManifest->aliases()
#7 D:\laragon\www\laravel-pos-system-ecommerce\vendor\laravel\framework\src\Illuminate\Foundation\Application.php(219): Illuminate\Foundation\Bootstrap\RegisterFacades->bootstrap(Object(Illuminate\Foundation\Application))
#8 D:\laragon\www\laravel-pos-system-ecommerce\vendor\laravel\framework\src\Illuminate\Foundation\Http\Kernel.php(156): Illuminate\Foundation\Application->bootstrapWith(Array)
#9 D:\laragon\www\laravel-pos-system-ecommerce\vendor\laravel\framework\src\Illuminate\Foundation\Http\Kernel.php(140): Illuminate\Foundation\Http\Kernel->bootstrap()
#10 D:\laragon\www\laravel-pos-system-ecommerce\vendor\laravel\framework\src\Illuminate\Foundation\Http\Kernel.php(110): Illuminate\Foundation\Http\Kernel->sendRequestThroughRouter(Object(Illuminate\Http\Request))
#11 D:\laragon\www\laravel-pos-system-ecommerce\index.php(54): Illuminate\Foundation\Http\Kernel->handle(Object(Illuminate\Http\Request))
#12 {main} in D:\laragon\www\laravel-pos-system-ecommerce\vendor\laravel\framework\src\Illuminate\Support\Collection.php on line 11
[14-Apr-2026 13:49:54 UTC] PHP Deprecated:  Return type of Illuminate\Container\Container::offsetExists($key) should either be compatible with ArrayAccess::offsetExists(mixed $offset): bool, or the #[\ReturnTypeWillChange] attribute should be used to temporarily suppress the notice in D:\laragon\www\laravel-pos-system-ecommerce\vendor\laravel\framework\src\Illuminate\Container\Container.php on line 1231
[14-Apr-2026 13:49:54 UTC] PHP Deprecated:  Return type of Illuminate\Container\Container::offsetGet($key) should either be compatible with ArrayAccess::offsetGet(mixed $offset): mixed, or the #[\ReturnTypeWillChange] attribute should be used to temporarily suppress the notice in D:\laragon\www\laravel-pos-system-ecommerce\vendor\laravel\framework\src\Illuminate\Container\Container.php on line 1242
[14-Apr-2026 13:49:54 UTC] PHP Deprecated:  Return type of Illuminate\Container\Container::offsetSet($key, $value) should either be compatible with ArrayAccess::offsetSet(mixed $offset, mixed $value): void, or the #[\ReturnTypeWillChange] attribute should be used to temporarily suppress the notice in D:\laragon\www\laravel-pos-system-ecommerce\vendor\laravel\framework\src\Illuminate\Container\Container.php on line 1254
[14-Apr-2026 13:49:54 UTC] PHP Deprecated:  Return type of Illuminate\Container\Container::offsetUnset($key) should either be compatible with ArrayAccess::offsetUnset(mixed $offset): void, or the #[\ReturnTypeWillChange] attribute should be used to temporarily suppress the notice in D:\laragon\www\laravel-pos-system-ecommerce\vendor\laravel\framework\src\Illuminate\Container\Container.php on line 1267
[14-Apr-2026 13:49:54 UTC] PHP Deprecated:  Return type of Illuminate\Routing\RouteCollection::count() should either be compatible with Countable::count(): int, or the #[\ReturnTypeWillChange] attribute should be used to temporarily suppress the notice in D:\laragon\www\laravel-pos-system-ecommerce\vendor\laravel\framework\src\Illuminate\Routing\RouteCollection.php on line 355
[14-Apr-2026 13:49:54 UTC] PHP Deprecated:  Return type of Illuminate\Routing\RouteCollection::getIterator() should either be compatible with IteratorAggregate::getIterator(): Traversable, or the #[\ReturnTypeWillChange] attribute should be used to temporarily suppress the notice in D:\laragon\www\laravel-pos-system-ecommerce\vendor\laravel\framework\src\Illuminate\Routing\RouteCollection.php on line 345
[14-Apr-2026 13:49:55 UTC] PHP Deprecated:  Return type of Illuminate\Http\Request::offsetExists($offset) should either be compatible with ArrayAccess::offsetExists(mixed $offset): bool, or the #[\ReturnTypeWillChange] attribute should be used to temporarily suppress the notice in D:\laragon\www\laravel-pos-system-ecommerce\vendor\laravel\framework\src\Illuminate\Http\Request.php on line 641
[14-Apr-2026 13:49:55 UTC] PHP Deprecated:  Return type of Illuminate\Http\Request::offsetGet($offset) should either be compatible with ArrayAccess::offsetGet(mixed $offset): mixed, or the #[\ReturnTypeWillChange] attribute should be used to temporarily suppress the notice in D:\laragon\www\laravel-pos-system-ecommerce\vendor\laravel\framework\src\Illuminate\Http\Request.php on line 655
[14-Apr-2026 13:49:55 UTC] PHP Deprecated:  Return type of Illuminate\Http\Request::offsetSet($offset, $value) should either be compatible with ArrayAccess::offsetSet(mixed $offset, mixed $value): void, or the #[\ReturnTypeWillChange] attribute should be used to temporarily suppress the notice in D:\laragon\www\laravel-pos-system-ecommerce\vendor\laravel\framework\src\Illuminate\Http\Request.php on line 667
[14-Apr-2026 13:49:55 UTC] PHP Deprecated:  Return type of Illuminate\Http\Request::offsetUnset($offset) should either be compatible with ArrayAccess::offsetUnset(mixed $offset): void, or the #[\ReturnTypeWillChange] attribute should be used to temporarily suppress the notice in D:\laragon\www\laravel-pos-system-ecommerce\vendor\laravel\framework\src\Illuminate\Http\Request.php on line 678
[14-Apr-2026 13:49:55 UTC] PHP Deprecated:  Return type of Illuminate\Config\Repository::offsetExists($key) should either be compatible with ArrayAccess::offsetExists(mixed $offset): bool, or the #[\ReturnTypeWillChange] attribute should be used to temporarily suppress the notice in D:\laragon\www\laravel-pos-system-ecommerce\vendor\laravel\framework\src\Illuminate\Config\Repository.php on line 141
[14-Apr-2026 13:49:55 UTC] PHP Deprecated:  Return type of Illuminate\Config\Repository::offsetGet($key) should either be compatible with ArrayAccess::offsetGet(mixed $offset): mixed, or the #[\ReturnTypeWillChange] attribute should be used to temporarily suppress the notice in D:\laragon\www\laravel-pos-system-ecommerce\vendor\laravel\framework\src\Illuminate\Config\Repository.php on line 152
[14-Apr-2026 13:49:55 UTC] PHP Deprecated:  Return type of Illuminate\Config\Repository::offsetSet($key, $value) should either be compatible with ArrayAccess::offsetSet(mixed $offset, mixed $value): void, or the #[\ReturnTypeWillChange] attribute should be used to temporarily suppress the notice in D:\laragon\www\laravel-pos-system-ecommerce\vendor\laravel\framework\src\Illuminate\Config\Repository.php on line 164
[14-Apr-2026 13:49:55 UTC] PHP Deprecated:  Return type of Illuminate\Config\Repository::offsetUnset($key) should either be compatible with ArrayAccess::offsetUnset(mixed $offset): void, or the #[\ReturnTypeWillChange] attribute should be used to temporarily suppress the notice in D:\laragon\www\laravel-pos-system-ecommerce\vendor\laravel\framework\src\Illuminate\Config\Repository.php on line 175
[14-Apr-2026 13:49:55 UTC] PHP Fatal error:  During inheritance of ArrayAccess: Uncaught ErrorException: Return type of Illuminate\Support\Collection::offsetExists($key) should either be compatible with ArrayAccess::offsetExists(mixed $offset): bool, or the #[\ReturnTypeWillChange] attribute should be used to temporarily suppress the notice in D:\laragon\www\laravel-pos-system-ecommerce\vendor\laravel\framework\src\Illuminate\Support\Collection.php:1277
Stack trace:
#0 D:\laragon\www\laravel-pos-system-ecommerce\vendor\laravel\framework\src\Illuminate\Support\Collection.php(11): Illuminate\Foundation\Bootstrap\HandleExceptions->handleError(8192, 'Return type of ...', 'D:\\laragon\\www\\...', 1277)
#1 D:\laragon\www\laravel-pos-system-ecommerce\vendor\composer\ClassLoader.php(571): include('D:\\laragon\\www\\...')
#2 D:\laragon\www\laravel-pos-system-ecommerce\vendor\composer\ClassLoader.php(428): Composer\Autoload\includeFile('D:\\laragon\\www\\...')
#3 D:\laragon\www\laravel-pos-system-ecommerce\vendor\laravel\framework\src\Illuminate\Support\helpers.php(109): Composer\Autoload\ClassLoader->loadClass('Illuminate\\Supp...')
#4 D:\laragon\www\laravel-pos-system-ecommerce\vendor\laravel\framework\src\Illuminate\Foundation\PackageManifest.php(89): collect(Array)
#5 D:\laragon\www\laravel-pos-system-ecommerce\vendor\laravel\framework\src\Illuminate\Foundation\PackageManifest.php(78): Illuminate\Foundation\PackageManifest->config('aliases')
#6 D:\laragon\www\laravel-pos-system-ecommerce\vendor\laravel\framework\src\Illuminate\Foundation\Bootstrap\RegisterFacades.php(26): Illuminate\Foundation\PackageManifest->aliases()
#7 D:\laragon\www\laravel-pos-system-ecommerce\vendor\laravel\framework\src\Illuminate\Foundation\Application.php(219): Illuminate\Foundation\Bootstrap\RegisterFacades->bootstrap(Object(Illuminate\Foundation\Application))
#8 D:\laragon\www\laravel-pos-system-ecommerce\vendor\laravel\framework\src\Illuminate\Foundation\Http\Kernel.php(156): Illuminate\Foundation\Application->bootstrapWith(Array)
#9 D:\laragon\www\laravel-pos-system-ecommerce\vendor\laravel\framework\src\Illuminate\Foundation\Http\Kernel.php(140): Illuminate\Foundation\Http\Kernel->bootstrap()
#10 D:\laragon\www\laravel-pos-system-ecommerce\vendor\laravel\framework\src\Illuminate\Foundation\Http\Kernel.php(110): Illuminate\Foundation\Http\Kernel->sendRequestThroughRouter(Object(Illuminate\Http\Request))
#11 D:\laragon\www\laravel-pos-system-ecommerce\index.php(54): Illuminate\Foundation\Http\Kernel->handle(Object(Illuminate\Http\Request))
#12 {main} in D:\laragon\www\laravel-pos-system-ecommerce\vendor\laravel\framework\src\Illuminate\Support\Collection.php on line 11
[14-Apr-2026 13:50:31 UTC] PHP Fatal error:  Composer detected issues in your platform: Your Composer dependencies require a PHP version ">= 7.4.0". You are running 7.3.1. in D:\laragon\www\laravel-pos-system-ecommerce\vendor\composer\platform_check.php on line 24
[14-Apr-2026 13:50:31 UTC] PHP Fatal error:  Composer detected issues in your platform: Your Composer dependencies require a PHP version ">= 7.4.0". You are running 7.3.1. in D:\laragon\www\laravel-pos-system-ecommerce\vendor\composer\platform_check.php on line 24
