[Mon Feb 09 12:26:29.304436 2026] [mpm_winnt:notice] [pid 2616:tid 488] AH00455: Apache/2.4.54 (Win64) OpenSSL/1.1.1q PHP/8.1.10 configured -- resuming normal operations
[Mon Feb 09 12:26:29.304436 2026] [mpm_winnt:notice] [pid 2616:tid 488] AH00456: Apache Lounge VS16 Server built: Jun 22 2022 09:58:15
[Mon Feb 09 12:26:29.304436 2026] [core:notice] [pid 2616:tid 488] AH00094: Command line: 'D:\\laragon\\bin\\apache\\httpd-2.4.54-win64-VS16\\bin\\httpd -d D:/laragon/bin/apache/httpd-2.4.54-win64-VS16'
[Mon Feb 09 12:26:29.314479 2026] [mpm_winnt:notice] [pid 2616:tid 488] AH00418: Parent: Created child process 11412
Apache server interrupted...
026] [mpm_winnt:notice] [pid 11412:tid 464] AH00354: Child: Starting 64 worker threads.
[Mon Feb 09 12:26:39.536661 2026] [mpm_winnt:notice] [pid 2616:tid 488] AH00422: Parent: Received shutdown signal -- Shutting down the server.
[Mon Feb 09 12:26:41.559957 2026] [mpm_winnt:notice] [pid 11412:tid 464] AH00364: Child: All worker threads have exited.
[Mon Feb 09 12:27:30.908697 2026] [core:warn] [pid 9096:tid 508] AH00098: pid file D:/laragon/bin/apache/httpd-2.4.54-win64-VS16/logs/httpd.pid overwritten -- Unclean shutdown of previous Apache run?
[Mon Feb 09 12:27:30.969126 2026] [mpm_winnt:notice] [pid 9096:tid 508] AH00455: Apache/2.4.54 (Win64) OpenSSL/1.1.1q PHP/8.1.10 configured -- resuming normal operations
[Mon Feb 09 12:27:30.969126 2026] [mpm_winnt:notice] [pid 9096:tid 508] AH00456: Apache Lounge VS16 Server built: Jun 22 2022 09:58:15
[Mon Feb 09 12:27:30.969126 2026] [core:notice] [pid 9096:tid 508] AH00094: Command line: 'D:\\laragon\\bin\\apache\\httpd-2.4.54-win64-VS16\\bin\\httpd -d D:/laragon/bin/apache/httpd-2.4.54-win64-VS16'
[Mon Feb 09 12:27:30.984061 2026] [mpm_winnt:notice] [pid 9096:tid 508] AH00418: Parent: Created child process 3248
Apache server interrupted...
026] [mpm_winnt:notice] [pid 3248:tid 480] AH00354: Child: Starting 64 worker threads.
[Mon Feb 09 12:29:03.623195 2026] [mpm_winnt:notice] [pid 9096:tid 508] AH00422: Parent: Received shutdown signal -- Shutting down the server.
[Mon Feb 09 12:29:05.658009 2026] [mpm_winnt:notice] [pid 3248:tid 480] AH00364: Child: All worker threads have exited.
[Mon Feb 09 12:29:07.453729 2026] [core:warn] [pid 13236:tid 488] AH00098: pid file D:/laragon/bin/apache/httpd-2.4.54-win64-VS16/logs/httpd.pid overwritten -- Unclean shutdown of previous Apache run?
[Mon Feb 09 12:29:07.458751 2026] [mpm_winnt:notice] [pid 13236:tid 488] AH00455: Apache/2.4.54 (Win64) OpenSSL/1.1.1q mod_fcgid/2.3.10-dev configured -- resuming normal operations
[Mon Feb 09 12:29:07.458751 2026] [mpm_winnt:notice] [pid 13236:tid 488] AH00456: Apache Lounge VS16 Server built: Jun 22 2022 09:58:15
[Mon Feb 09 12:29:07.458751 2026] [core:notice] [pid 13236:tid 488] AH00094: Command line: 'D:\\laragon\\bin\\apache\\httpd-2.4.54-win64-VS16\\bin\\httpd -d D:/laragon/bin/apache/httpd-2.4.54-win64-VS16'
[Mon Feb 09 12:29:07.458751 2026] [mpm_winnt:notice] [pid 13236:tid 488] AH00418: Parent: Created child process 8684
[Mon Feb 09 12:29:07.968768 2026] [mpm_winnt:notice] [pid 8684:tid 512] AH00354: Child: Starting 64 worker threads.
[Tue Feb 10 09:43:27.203014 2026] [core:warn] [pid 15556:tid 428] AH00098: pid file D:/laragon/bin/apache/httpd-2.4.54-win64-VS16/logs/httpd.pid overwritten -- Unclean shutdown of previous Apache run?
[Tue Feb 10 09:43:27.206005 2026] [mpm_winnt:notice] [pid 15556:tid 428] AH00455: Apache/2.4.54 (Win64) OpenSSL/1.1.1q mod_fcgid/2.3.10-dev configured -- resuming normal operations
[Tue Feb 10 09:43:27.206005 2026] [mpm_winnt:notice] [pid 15556:tid 428] AH00456: Apache Lounge VS16 Server built: Jun 22 2022 09:58:15
[Tue Feb 10 09:43:27.206005 2026] [core:notice] [pid 15556:tid 428] AH00094: Command line: 'D:\\laragon\\bin\\apache\\httpd-2.4.54-win64-VS16\\bin\\httpd -d D:/laragon/bin/apache/httpd-2.4.54-win64-VS16'
[Tue Feb 10 09:43:27.209993 2026] [mpm_winnt:notice] [pid 15556:tid 428] AH00418: Parent: Created child process 8956
[Tue Feb 10 09:43:27.766689 2026] [mpm_winnt:notice] [pid 8956:tid 440] AH00354: Child: Starting 64 worker threads.
[Tue Feb 10 17:57:21.095570 2026] [mpm_winnt:notice] [pid 15556:tid 428] AH00428: Parent: child process 8956 exited with status 1073807364 -- Restarting.
[Wed Feb 11 09:37:04.597855 2026] [core:warn] [pid 10744:tid 448] AH00098: pid file D:/laragon/bin/apache/httpd-2.4.54-win64-VS16/logs/httpd.pid overwritten -- Unclean shutdown of previous Apache run?
[Wed Feb 11 09:37:04.604837 2026] [mpm_winnt:notice] [pid 10744:tid 448] AH00455: Apache/2.4.54 (Win64) OpenSSL/1.1.1q mod_fcgid/2.3.10-dev configured -- resuming normal operations
[Wed Feb 11 09:37:04.604837 2026] [mpm_winnt:notice] [pid 10744:tid 448] AH00456: Apache Lounge VS16 Server built: Jun 22 2022 09:58:15
[Wed Feb 11 09:37:04.604837 2026] [core:notice] [pid 10744:tid 448] AH00094: Command line: 'D:\\laragon\\bin\\apache\\httpd-2.4.54-win64-VS16\\bin\\httpd -d D:/laragon/bin/apache/httpd-2.4.54-win64-VS16'
[Wed Feb 11 09:37:04.612714 2026] [mpm_winnt:notice] [pid 10744:tid 448] AH00418: Parent: Created child process 7364
Apache server restarting...
2026] [mpm_winnt:notice] [pid 7364:tid 440] AH00354: Child: Starting 64 worker threads.
[Wed Feb 11 10:10:01.016838 2026] [mpm_winnt:notice] [pid 10744:tid 448] AH00424: Parent: Received restart signal -- Restarting the server.
[Wed Feb 11 10:10:02.644496 2026] [mpm_winnt:notice] [pid 10744:tid 448] AH00455: Apache/2.4.54 (Win64) OpenSSL/1.1.1q mod_fcgid/2.3.10-dev configured -- resuming normal operations
[Wed Feb 11 10:10:02.644496 2026] [mpm_winnt:notice] [pid 10744:tid 448] AH00456: Apache Lounge VS16 Server built: Jun 22 2022 09:58:15
[Wed Feb 11 10:10:02.644496 2026] [core:notice] [pid 10744:tid 448] AH00094: Command line: 'D:\\laragon\\bin\\apache\\httpd-2.4.54-win64-VS16\\bin\\httpd -d D:/laragon/bin/apache/httpd-2.4.54-win64-VS16'
[Wed Feb 11 10:10:02.648487 2026] [mpm_winnt:notice] [pid 10744:tid 448] AH00418: Parent: Created child process 11708
[Wed Feb 11 10:10:03.040310 2026] [mpm_winnt:notice] [pid 7364:tid 440] AH00364: Child: All worker threads have exited.
[Wed Feb 11 10:10:03.110368 2026] [mpm_winnt:notice] [pid 11708:tid 444] AH00354: Child: Starting 64 worker threads.
[Wed Feb 11 12:51:18.049693 2026] [mpm_winnt:notice] [pid 10744:tid 448] AH00428: Parent: child process 11708 exited with status 1073807364 -- Restarting.
[Wed Feb 11 12:54:56.196348 2026] [core:warn] [pid 14948:tid 428] AH00098: pid file D:/laragon/bin/apache/httpd-2.4.54-win64-VS16/logs/httpd.pid overwritten -- Unclean shutdown of previous Apache run?
[Wed Feb 11 12:54:56.200334 2026] [mpm_winnt:notice] [pid 14948:tid 428] AH00455: Apache/2.4.54 (Win64) OpenSSL/1.1.1q mod_fcgid/2.3.10-dev configured -- resuming normal operations
[Wed Feb 11 12:54:56.200334 2026] [mpm_winnt:notice] [pid 14948:tid 428] AH00456: Apache Lounge VS16 Server built: Jun 22 2022 09:58:15
[Wed Feb 11 12:54:56.200334 2026] [core:notice] [pid 14948:tid 428] AH00094: Command line: 'D:\\laragon\\bin\\apache\\httpd-2.4.54-win64-VS16\\bin\\httpd -d D:/laragon/bin/apache/httpd-2.4.54-win64-VS16'
[Wed Feb 11 12:54:56.204858 2026] [mpm_winnt:notice] [pid 14948:tid 428] AH00418: Parent: Created child process 2896
[Wed Feb 11 12:54:56.757979 2026] [mpm_winnt:notice] [pid 2896:tid 480] AH00354: Child: Starting 64 worker threads.
[Wed Feb 11 17:58:33.346610 2026] [mpm_winnt:notice] [pid 14948:tid 428] AH00428: Parent: child process 2896 exited with status 1073807364 -- Restarting.
[Thu Feb 12 09:46:20.028574 2026] [core:warn] [pid 2756:tid 476] AH00098: pid file D:/laragon/bin/apache/httpd-2.4.54-win64-VS16/logs/httpd.pid overwritten -- Unclean shutdown of previous Apache run?
[Thu Feb 12 09:46:20.031807 2026] [mpm_winnt:notice] [pid 2756:tid 476] AH00455: Apache/2.4.54 (Win64) OpenSSL/1.1.1q mod_fcgid/2.3.10-dev configured -- resuming normal operations
[Thu Feb 12 09:46:20.031807 2026] [mpm_winnt:notice] [pid 2756:tid 476] AH00456: Apache Lounge VS16 Server built: Jun 22 2022 09:58:15
[Thu Feb 12 09:46:20.031807 2026] [core:notice] [pid 2756:tid 476] AH00094: Command line: 'D:\\laragon\\bin\\apache\\httpd-2.4.54-win64-VS16\\bin\\httpd -d D:/laragon/bin/apache/httpd-2.4.54-win64-VS16'
[Thu Feb 12 09:46:20.034537 2026] [mpm_winnt:notice] [pid 2756:tid 476] AH00418: Parent: Created child process 3056
[Thu Feb 12 09:46:20.409033 2026] [mpm_winnt:notice] [pid 3056:tid 452] AH00354: Child: Starting 64 worker threads.
[Thu Feb 12 18:01:06.575346 2026] [mpm_winnt:notice] [pid 2756:tid 476] AH00428: Parent: child process 3056 exited with status 1073807364 -- Restarting.
[Thu Feb 12 18:01:08.581793 2026] [mpm_winnt:notice] [pid 2756:tid 476] AH00455: Apache/2.4.54 (Win64) OpenSSL/1.1.1q mod_fcgid/2.3.10-dev configured -- resuming normal operations
[Thu Feb 12 18:01:08.581793 2026] [mpm_winnt:notice] [pid 2756:tid 476] AH00456: Apache Lounge VS16 Server built: Jun 22 2022 09:58:15
[Thu Feb 12 18:01:08.581793 2026] [core:notice] [pid 2756:tid 476] AH00094: Command line: 'D:\\laragon\\bin\\apache\\httpd-2.4.54-win64-VS16\\bin\\httpd -d D:/laragon/bin/apache/httpd-2.4.54-win64-VS16'
[Thu Feb 12 18:01:08.628658 2026] [mpm_winnt:notice] [pid 2756:tid 476] AH00418: Parent: Created child process 21892
[Mon Feb 16 12:27:10.939463 2026] [core:warn] [pid 13408:tid 432] AH00098: pid file D:/laragon/bin/apache/httpd-2.4.54-win64-VS16/logs/httpd.pid overwritten -- Unclean shutdown of previous Apache run?
[Mon Feb 16 12:27:10.943794 2026] [mpm_winnt:notice] [pid 13408:tid 432] AH00455: Apache/2.4.54 (Win64) OpenSSL/1.1.1q mod_fcgid/2.3.10-dev configured -- resuming normal operations
[Mon Feb 16 12:27:10.943794 2026] [mpm_winnt:notice] [pid 13408:tid 432] AH00456: Apache Lounge VS16 Server built: Jun 22 2022 09:58:15
[Mon Feb 16 12:27:10.943794 2026] [core:notice] [pid 13408:tid 432] AH00094: Command line: 'D:\\laragon\\bin\\apache\\httpd-2.4.54-win64-VS16\\bin\\httpd -d D:/laragon/bin/apache/httpd-2.4.54-win64-VS16'
[Mon Feb 16 12:27:10.948140 2026] [mpm_winnt:notice] [pid 13408:tid 432] AH00418: Parent: Created child process 17808
[Mon Feb 16 12:27:11.390708 2026] [mpm_winnt:notice] [pid 17808:tid 480] AH00354: Child: Starting 64 worker threads.
[Tue Feb 17 09:25:15.452062 2026] [core:warn] [pid 20468:tid 464] AH00098: pid file D:/laragon/bin/apache/httpd-2.4.54-win64-VS16/logs/httpd.pid overwritten -- Unclean shutdown of previous Apache run?
[Tue Feb 17 09:25:15.459183 2026] [mpm_winnt:notice] [pid 20468:tid 464] AH00455: Apache/2.4.54 (Win64) OpenSSL/1.1.1q mod_fcgid/2.3.10-dev configured -- resuming normal operations
[Tue Feb 17 09:25:15.459183 2026] [mpm_winnt:notice] [pid 20468:tid 464] AH00456: Apache Lounge VS16 Server built: Jun 22 2022 09:58:15
[Tue Feb 17 09:25:15.459183 2026] [core:notice] [pid 20468:tid 464] AH00094: Command line: 'D:\\laragon\\bin\\apache\\httpd-2.4.54-win64-VS16\\bin\\httpd -d D:/laragon/bin/apache/httpd-2.4.54-win64-VS16'
[Tue Feb 17 09:25:15.466128 2026] [mpm_winnt:notice] [pid 20468:tid 464] AH00418: Parent: Created child process 13276
[Tue Feb 17 09:25:17.035906 2026] [mpm_winnt:notice] [pid 13276:tid 436] AH00354: Child: Starting 64 worker threads.
[Wed Feb 18 15:59:24.265384 2026] [core:warn] [pid 13272:tid 440] AH00098: pid file D:/laragon/bin/apache/httpd-2.4.54-win64-VS16/logs/httpd.pid overwritten -- Unclean shutdown of previous Apache run?
[Wed Feb 18 15:59:24.268420 2026] [mpm_winnt:notice] [pid 13272:tid 440] AH00455: Apache/2.4.54 (Win64) OpenSSL/1.1.1q mod_fcgid/2.3.10-dev configured -- resuming normal operations
[Wed Feb 18 15:59:24.268420 2026] [mpm_winnt:notice] [pid 13272:tid 440] AH00456: Apache Lounge VS16 Server built: Jun 22 2022 09:58:15
[Wed Feb 18 15:59:24.268420 2026] [core:notice] [pid 13272:tid 440] AH00094: Command line: 'D:\\laragon\\bin\\apache\\httpd-2.4.54-win64-VS16\\bin\\httpd -d D:/laragon/bin/apache/httpd-2.4.54-win64-VS16'
[Wed Feb 18 15:59:24.268420 2026] [mpm_winnt:notice] [pid 13272:tid 440] AH00418: Parent: Created child process 17976
[Wed Feb 18 15:59:24.646656 2026] [mpm_winnt:notice] [pid 17976:tid 468] AH00354: Child: Starting 64 worker threads.
[Mon Feb 23 06:54:24.895999 2026] [core:warn] [pid 22232:tid 428] AH00098: pid file D:/laragon/bin/apache/httpd-2.4.54-win64-VS16/logs/httpd.pid overwritten -- Unclean shutdown of previous Apache run?
[Mon Feb 23 06:54:24.904015 2026] [mpm_winnt:notice] [pid 22232:tid 428] AH00455: Apache/2.4.54 (Win64) OpenSSL/1.1.1q mod_fcgid/2.3.10-dev configured -- resuming normal operations
[Mon Feb 23 06:54:24.904015 2026] [mpm_winnt:notice] [pid 22232:tid 428] AH00456: Apache Lounge VS16 Server built: Jun 22 2022 09:58:15
[Mon Feb 23 06:54:24.904015 2026] [core:notice] [pid 22232:tid 428] AH00094: Command line: 'D:\\laragon\\bin\\apache\\httpd-2.4.54-win64-VS16\\bin\\httpd -d D:/laragon/bin/apache/httpd-2.4.54-win64-VS16'
[Mon Feb 23 06:54:24.911999 2026] [mpm_winnt:notice] [pid 22232:tid 428] AH00418: Parent: Created child process 13020
[Mon Feb 23 06:54:25.923011 2026] [mpm_winnt:notice] [pid 13020:tid 432] AH00354: Child: Starting 64 worker threads.
[Wed Feb 25 07:12:51.114964 2026] [core:warn] [pid 5356:tid 452] AH00098: pid file D:/laragon/bin/apache/httpd-2.4.54-win64-VS16/logs/httpd.pid overwritten -- Unclean shutdown of previous Apache run?
[Wed Feb 25 07:12:51.125067 2026] [mpm_winnt:notice] [pid 5356:tid 452] AH00455: Apache/2.4.54 (Win64) OpenSSL/1.1.1q mod_fcgid/2.3.10-dev configured -- resuming normal operations
[Wed Feb 25 07:12:51.125067 2026] [mpm_winnt:notice] [pid 5356:tid 452] AH00456: Apache Lounge VS16 Server built: Jun 22 2022 09:58:15
[Wed Feb 25 07:12:51.125067 2026] [core:notice] [pid 5356:tid 452] AH00094: Command line: 'D:\\laragon\\bin\\apache\\httpd-2.4.54-win64-VS16\\bin\\httpd -d D:/laragon/bin/apache/httpd-2.4.54-win64-VS16'
[Wed Feb 25 07:12:51.129571 2026] [mpm_winnt:notice] [pid 5356:tid 452] AH00418: Parent: Created child process 28760
[Wed Feb 25 07:12:51.544775 2026] [mpm_winnt:notice] [pid 28760:tid 456] AH00354: Child: Starting 64 worker threads.
[Wed Feb 25 09:35:57.766586 2026] [mpm_winnt:crit] [pid 28760:tid 456] AH02538: Child: Parent process exited abruptly. Child process is ending
[Wed Feb 25 09:35:59.789925 2026] [mpm_winnt:notice] [pid 28760:tid 456] AH00364: Child: All worker threads have exited.
[Fri Mar 13 10:33:11.268168 2026] [core:warn] [pid 6796:tid 480] AH00098: pid file D:/laragon/bin/apache/httpd-2.4.54-win64-VS16/logs/httpd.pid overwritten -- Unclean shutdown of previous Apache run?
[Fri Mar 13 10:33:11.278244 2026] [mpm_winnt:notice] [pid 6796:tid 480] AH00455: Apache/2.4.54 (Win64) OpenSSL/1.1.1q mod_fcgid/2.3.10-dev configured -- resuming normal operations
[Fri Mar 13 10:33:11.278244 2026] [mpm_winnt:notice] [pid 6796:tid 480] AH00456: Apache Lounge VS16 Server built: Jun 22 2022 09:58:15
[Fri Mar 13 10:33:11.278244 2026] [core:notice] [pid 6796:tid 480] AH00094: Command line: 'D:\\laragon\\bin\\apache\\httpd-2.4.54-win64-VS16\\bin\\httpd -d D:/laragon/bin/apache/httpd-2.4.54-win64-VS16'
[Fri Mar 13 10:33:11.282265 2026] [mpm_winnt:notice] [pid 6796:tid 480] AH00418: Parent: Created child process 6976
Apache server interrupted...
026] [mpm_winnt:notice] [pid 6976:tid 452] AH00354: Child: Starting 64 worker threads.
[Fri Mar 13 10:34:10.161543 2026] [mpm_winnt:notice] [pid 6796:tid 480] AH00422: Parent: Received shutdown signal -- Shutting down the server.
[Fri Mar 13 10:34:12.193595 2026] [mpm_winnt:notice] [pid 6976:tid 452] AH00364: Child: All worker threads have exited.
[Fri Mar 13 10:34:14.960248 2026] [core:warn] [pid 4668:tid 452] AH00098: pid file D:/laragon/bin/apache/httpd-2.4.54-win64-VS16/logs/httpd.pid overwritten -- Unclean shutdown of previous Apache run?
[Fri Mar 13 10:34:14.964256 2026] [mpm_winnt:notice] [pid 4668:tid 452] AH00455: Apache/2.4.54 (Win64) OpenSSL/1.1.1q mod_fcgid/2.3.10-dev configured -- resuming normal operations
[Fri Mar 13 10:34:14.964256 2026] [mpm_winnt:notice] [pid 4668:tid 452] AH00456: Apache Lounge VS16 Server built: Jun 22 2022 09:58:15
[Fri Mar 13 10:34:14.964256 2026] [core:notice] [pid 4668:tid 452] AH00094: Command line: 'D:\\laragon\\bin\\apache\\httpd-2.4.54-win64-VS16\\bin\\httpd -d D:/laragon/bin/apache/httpd-2.4.54-win64-VS16'
[Fri Mar 13 10:34:14.966260 2026] [mpm_winnt:notice] [pid 4668:tid 452] AH00418: Parent: Created child process 1744
[Fri Mar 13 10:34:15.496356 2026] [mpm_winnt:notice] [pid 1744:tid 476] AH00354: Child: Starting 64 worker threads.
[Tue Mar 17 14:01:19.052040 2026] [core:warn] [pid 20152:tid 464] AH00098: pid file D:/laragon/bin/apache/httpd-2.4.54-win64-VS16/logs/httpd.pid overwritten -- Unclean shutdown of previous Apache run?
[Tue Mar 17 14:01:19.055459 2026] [mpm_winnt:notice] [pid 20152:tid 464] AH00455: Apache/2.4.54 (Win64) OpenSSL/1.1.1q mod_fcgid/2.3.10-dev configured -- resuming normal operations
[Tue Mar 17 14:01:19.055459 2026] [mpm_winnt:notice] [pid 20152:tid 464] AH00456: Apache Lounge VS16 Server built: Jun 22 2022 09:58:15
[Tue Mar 17 14:01:19.055459 2026] [core:notice] [pid 20152:tid 464] AH00094: Command line: 'D:\\laragon\\bin\\apache\\httpd-2.4.54-win64-VS16\\bin\\httpd -d D:/laragon/bin/apache/httpd-2.4.54-win64-VS16'
[Tue Mar 17 14:01:19.058540 2026] [mpm_winnt:notice] [pid 20152:tid 464] AH00418: Parent: Created child process 6560
[Tue Mar 17 14:01:19.503443 2026] [mpm_winnt:notice] [pid 6560:tid 480] AH00354: Child: Starting 64 worker threads.
[Wed Mar 18 11:18:06.945699 2026] [core:warn] [pid 11440:tid 480] AH00098: pid file D:/laragon/bin/apache/httpd-2.4.54-win64-VS16/logs/httpd.pid overwritten -- Unclean shutdown of previous Apache run?
[Wed Mar 18 11:18:06.961398 2026] [mpm_winnt:notice] [pid 11440:tid 480] AH00455: Apache/2.4.54 (Win64) OpenSSL/1.1.1q mod_fcgid/2.3.10-dev configured -- resuming normal operations
[Wed Mar 18 11:18:06.961398 2026] [mpm_winnt:notice] [pid 11440:tid 480] AH00456: Apache Lounge VS16 Server built: Jun 22 2022 09:58:15
[Wed Mar 18 11:18:06.961398 2026] [core:notice] [pid 11440:tid 480] AH00094: Command line: 'D:\\laragon\\bin\\apache\\httpd-2.4.54-win64-VS16\\bin\\httpd -d D:/laragon/bin/apache/httpd-2.4.54-win64-VS16'
[Wed Mar 18 11:18:06.961398 2026] [mpm_winnt:notice] [pid 11440:tid 480] AH00418: Parent: Created child process 6132
Apache server interrupted...
026] [mpm_winnt:notice] [pid 6132:tid 448] AH00354: Child: Starting 64 worker threads.
[Wed Mar 18 12:45:55.817294 2026] [mpm_winnt:notice] [pid 11440:tid 480] AH00422: Parent: Received shutdown signal -- Shutting down the server.
[Wed Mar 18 12:45:57.850786 2026] [mpm_winnt:notice] [pid 6132:tid 448] AH00364: Child: All worker threads have exited.
[Wed Mar 18 12:46:25.241062 2026] [core:warn] [pid 17876:tid 464] AH00098: pid file D:/laragon/bin/apache/httpd-2.4.54-win64-VS16/logs/httpd.pid overwritten -- Unclean shutdown of previous Apache run?
[Wed Mar 18 12:46:25.254211 2026] [mpm_winnt:notice] [pid 17876:tid 464] AH00455: Apache/2.4.54 (Win64) OpenSSL/1.1.1q mod_fcgid/2.3.10-dev configured -- resuming normal operations
[Wed Mar 18 12:46:25.254211 2026] [mpm_winnt:notice] [pid 17876:tid 464] AH00456: Apache Lounge VS16 Server built: Jun 22 2022 09:58:15
[Wed Mar 18 12:46:25.254211 2026] [core:notice] [pid 17876:tid 464] AH00094: Command line: 'D:\\laragon\\bin\\apache\\httpd-2.4.54-win64-VS16\\bin\\httpd -d D:/laragon/bin/apache/httpd-2.4.54-win64-VS16'
[Wed Mar 18 12:46:25.267243 2026] [mpm_winnt:notice] [pid 17876:tid 464] AH00418: Parent: Created child process 11616
Apache server interrupted...
026] [mpm_winnt:notice] [pid 11616:tid 448] AH00354: Child: Starting 64 worker threads.
[Wed Mar 18 14:05:39.316034 2026] [mpm_winnt:notice] [pid 17876:tid 464] AH00422: Parent: Received shutdown signal -- Shutting down the server.
[Wed Mar 18 14:05:41.340528 2026] [mpm_winnt:notice] [pid 11616:tid 448] AH00364: Child: All worker threads have exited.
[Wed Mar 18 14:05:55.461577 2026] [core:warn] [pid 2412:tid 456] AH00098: pid file D:/laragon/bin/apache/httpd-2.4.54-win64-VS16/logs/httpd.pid overwritten -- Unclean shutdown of previous Apache run?
[Wed Mar 18 14:05:55.465323 2026] [mpm_winnt:notice] [pid 2412:tid 456] AH00455: Apache/2.4.54 (Win64) OpenSSL/1.1.1q mod_fcgid/2.3.10-dev configured -- resuming normal operations
[Wed Mar 18 14:05:55.465323 2026] [mpm_winnt:notice] [pid 2412:tid 456] AH00456: Apache Lounge VS16 Server built: Jun 22 2022 09:58:15
[Wed Mar 18 14:05:55.465323 2026] [core:notice] [pid 2412:tid 456] AH00094: Command line: 'D:\\laragon\\bin\\apache\\httpd-2.4.54-win64-VS16\\bin\\httpd -d D:/laragon/bin/apache/httpd-2.4.54-win64-VS16'
[Wed Mar 18 14:05:55.473434 2026] [mpm_winnt:notice] [pid 2412:tid 456] AH00418: Parent: Created child process 18952
Apache server interrupted...
026] [mpm_winnt:notice] [pid 18952:tid 452] AH00354: Child: Starting 64 worker threads.
[Wed Mar 18 14:07:01.133808 2026] [mpm_winnt:notice] [pid 2412:tid 456] AH00422: Parent: Received shutdown signal -- Shutting down the server.
[Wed Mar 18 14:07:03.161390 2026] [mpm_winnt:notice] [pid 18952:tid 452] AH00364: Child: All worker threads have exited.
[Wed Mar 18 14:07:04.960436 2026] [core:warn] [pid 14956:tid 452] AH00098: pid file D:/laragon/bin/apache/httpd-2.4.54-win64-VS16/logs/httpd.pid overwritten -- Unclean shutdown of previous Apache run?
[Wed Mar 18 14:07:04.966473 2026] [mpm_winnt:notice] [pid 14956:tid 452] AH00455: Apache/2.4.54 (Win64) OpenSSL/1.1.1q mod_fcgid/2.3.10-dev configured -- resuming normal operations
[Wed Mar 18 14:07:04.966473 2026] [mpm_winnt:notice] [pid 14956:tid 452] AH00456: Apache Lounge VS16 Server built: Jun 22 2022 09:58:15
[Wed Mar 18 14:07:04.966473 2026] [core:notice] [pid 14956:tid 452] AH00094: Command line: 'D:\\laragon\\bin\\apache\\httpd-2.4.54-win64-VS16\\bin\\httpd -d D:/laragon/bin/apache/httpd-2.4.54-win64-VS16'
[Wed Mar 18 14:07:04.966473 2026] [mpm_winnt:notice] [pid 14956:tid 452] AH00418: Parent: Created child process 4376
Apache server interrupted...
026] [mpm_winnt:notice] [pid 4376:tid 448] AH00354: Child: Starting 64 worker threads.
[Wed Mar 18 14:17:52.933285 2026] [mpm_winnt:notice] [pid 14956:tid 452] AH00422: Parent: Received shutdown signal -- Shutting down the server.
[Wed Mar 18 14:17:54.967499 2026] [mpm_winnt:notice] [pid 4376:tid 448] AH00364: Child: All worker threads have exited.
[Wed Mar 18 14:18:00.921069 2026] [core:warn] [pid 2476:tid 452] AH00098: pid file D:/laragon/bin/apache/httpd-2.4.54-win64-VS16/logs/httpd.pid overwritten -- Unclean shutdown of previous Apache run?
[Wed Mar 18 14:18:00.921069 2026] [mpm_winnt:notice] [pid 2476:tid 452] AH00455: Apache/2.4.54 (Win64) OpenSSL/1.1.1q mod_fcgid/2.3.10-dev configured -- resuming normal operations
[Wed Mar 18 14:18:00.921069 2026] [mpm_winnt:notice] [pid 2476:tid 452] AH00456: Apache Lounge VS16 Server built: Jun 22 2022 09:58:15
[Wed Mar 18 14:18:00.921069 2026] [core:notice] [pid 2476:tid 452] AH00094: Command line: 'D:\\laragon\\bin\\apache\\httpd-2.4.54-win64-VS16\\bin\\httpd -d D:/laragon/bin/apache/httpd-2.4.54-win64-VS16'
[Wed Mar 18 14:18:00.936725 2026] [mpm_winnt:notice] [pid 2476:tid 452] AH00418: Parent: Created child process 19384
Apache server restarting...
2026] [mpm_winnt:notice] [pid 19384:tid 452] AH00354: Child: Starting 64 worker threads.
[Wed Mar 18 14:29:02.741427 2026] [mpm_winnt:notice] [pid 2476:tid 452] AH00424: Parent: Received restart signal -- Restarting the server.
[Wed Mar 18 14:29:03.919522 2026] [mpm_winnt:notice] [pid 2476:tid 452] AH00455: Apache/2.4.54 (Win64) OpenSSL/1.1.1q configured -- resuming normal operations
[Wed Mar 18 14:29:03.919522 2026] [mpm_winnt:notice] [pid 2476:tid 452] AH00456: Apache Lounge VS16 Server built: Jun 22 2022 09:58:15
[Wed Mar 18 14:29:03.919522 2026] [core:notice] [pid 2476:tid 452] AH00094: Command line: 'D:\\laragon\\bin\\apache\\httpd-2.4.54-win64-VS16\\bin\\httpd -d D:/laragon/bin/apache/httpd-2.4.54-win64-VS16'
[Wed Mar 18 14:29:03.921562 2026] [mpm_winnt:notice] [pid 2476:tid 452] AH00418: Parent: Created child process 6992
Apache server interrupted...
026] [mpm_winnt:notice] [pid 19384:tid 452] AH00364: Child: All worker threads have exited.
[Wed Mar 18 14:29:05.245361 2026] [mpm_winnt:notice] [pid 6992:tid 448] AH00354: Child: Starting 64 worker threads.
[Wed Mar 18 14:29:13.185290 2026] [fcgid:error] [pid 19384] FastCGI process 14992 still did not exit, terminating forcefully
[Wed Mar 18 14:30:14.433946 2026] [mpm_winnt:notice] [pid 2476:tid 452] AH00422: Parent: Received shutdown signal -- Shutting down the server.
[Wed Mar 18 14:30:16.450490 2026] [mpm_winnt:notice] [pid 6992:tid 448] AH00364: Child: All worker threads have exited.
[Wed Mar 18 14:30:19.878244 2026] [core:warn] [pid 15428:tid 480] AH00098: pid file D:/laragon/bin/apache/httpd-2.4.54-win64-VS16/logs/httpd.pid overwritten -- Unclean shutdown of previous Apache run?
[Wed Mar 18 14:30:19.921364 2026] [mpm_winnt:notice] [pid 15428:tid 480] AH00455: Apache/2.4.54 (Win64) OpenSSL/1.1.1q PHP/8.1.10 configured -- resuming normal operations
[Wed Mar 18 14:30:19.921364 2026] [mpm_winnt:notice] [pid 15428:tid 480] AH00456: Apache Lounge VS16 Server built: Jun 22 2022 09:58:15
[Wed Mar 18 14:30:19.921364 2026] [core:notice] [pid 15428:tid 480] AH00094: Command line: 'D:\\laragon\\bin\\apache\\httpd-2.4.54-win64-VS16\\bin\\httpd -d D:/laragon/bin/apache/httpd-2.4.54-win64-VS16'
[Wed Mar 18 14:30:19.924632 2026] [mpm_winnt:notice] [pid 15428:tid 480] AH00418: Parent: Created child process 8308
Apache server interrupted...
026] [mpm_winnt:notice] [pid 8308:tid 448] AH00354: Child: Starting 64 worker threads.
[Wed Mar 18 14:43:06.834544 2026] [mpm_winnt:notice] [pid 15428:tid 480] AH00422: Parent: Received shutdown signal -- Shutting down the server.
[Wed Mar 18 14:43:08.841602 2026] [mpm_winnt:notice] [pid 8308:tid 448] AH00364: Child: All worker threads have exited.
[Wed Mar 18 14:43:33.169293 2026] [core:warn] [pid 7612:tid 460] AH00098: pid file D:/laragon/bin/apache/httpd-2.4.54-win64-VS16/logs/httpd.pid overwritten -- Unclean shutdown of previous Apache run?
[Wed Mar 18 14:43:33.174531 2026] [mpm_winnt:notice] [pid 7612:tid 460] AH00455: Apache/2.4.54 (Win64) OpenSSL/1.1.1q mod_fcgid/2.3.10-dev configured -- resuming normal operations
[Wed Mar 18 14:43:33.174531 2026] [mpm_winnt:notice] [pid 7612:tid 460] AH00456: Apache Lounge VS16 Server built: Jun 22 2022 09:58:15
[Wed Mar 18 14:43:33.174531 2026] [core:notice] [pid 7612:tid 460] AH00094: Command line: 'D:\\laragon\\bin\\apache\\httpd-2.4.54-win64-VS16\\bin\\httpd -d D:/laragon/bin/apache/httpd-2.4.54-win64-VS16'
[Wed Mar 18 14:43:33.174531 2026] [mpm_winnt:notice] [pid 7612:tid 460] AH00418: Parent: Created child process 8240
Apache server restarting...
2026] [mpm_winnt:notice] [pid 8240:tid 488] AH00354: Child: Starting 64 worker threads.
[Thu Mar 19 11:55:06.574476 2026] [mpm_winnt:notice] [pid 7612:tid 460] AH00424: Parent: Received restart signal -- Restarting the server.
[Thu Mar 19 11:55:07.427216 2026] [mpm_winnt:notice] [pid 7612:tid 460] AH00455: Apache/2.4.54 (Win64) OpenSSL/1.1.1q mod_fcgid/2.3.10-dev configured -- resuming normal operations
[Thu Mar 19 11:55:07.427216 2026] [mpm_winnt:notice] [pid 7612:tid 460] AH00456: Apache Lounge VS16 Server built: Jun 22 2022 09:58:15
[Thu Mar 19 11:55:07.427216 2026] [core:notice] [pid 7612:tid 460] AH00094: Command line: 'D:\\laragon\\bin\\apache\\httpd-2.4.54-win64-VS16\\bin\\httpd -d D:/laragon/bin/apache/httpd-2.4.54-win64-VS16'
[Thu Mar 19 11:55:07.427216 2026] [mpm_winnt:notice] [pid 7612:tid 460] AH00418: Parent: Created child process 11136
Apache server interrupted...
026] [mpm_winnt:notice] [pid 11136:tid 472] AH00354: Child: Starting 64 worker threads.
[Thu Mar 19 11:55:08.598813 2026] [mpm_winnt:notice] [pid 8240:tid 488] AH00364: Child: All worker threads have exited.
[Thu Mar 19 11:55:17.070820 2026] [fcgid:error] [pid 8240] FastCGI process 11948 still did not exit, terminating forcefully
[Thu Mar 19 11:55:17.649268 2026] [mpm_winnt:notice] [pid 7612:tid 460] AH00422: Parent: Received shutdown signal -- Shutting down the server.
[Thu Mar 19 11:55:19.666318 2026] [mpm_winnt:notice] [pid 11136:tid 472] AH00364: Child: All worker threads have exited.
[Thu Mar 19 11:55:21.847332 2026] [core:warn] [pid 18180:tid 452] AH00098: pid file D:/laragon/bin/apache/httpd-2.4.54-win64-VS16/logs/httpd.pid overwritten -- Unclean shutdown of previous Apache run?
[Thu Mar 19 11:55:21.851244 2026] [mpm_winnt:notice] [pid 18180:tid 452] AH00455: Apache/2.4.54 (Win64) OpenSSL/1.1.1q mod_fcgid/2.3.10-dev configured -- resuming normal operations
[Thu Mar 19 11:55:21.851244 2026] [mpm_winnt:notice] [pid 18180:tid 452] AH00456: Apache Lounge VS16 Server built: Jun 22 2022 09:58:15
[Thu Mar 19 11:55:21.851244 2026] [core:notice] [pid 18180:tid 452] AH00094: Command line: 'D:\\laragon\\bin\\apache\\httpd-2.4.54-win64-VS16\\bin\\httpd -d D:/laragon/bin/apache/httpd-2.4.54-win64-VS16'
[Thu Mar 19 11:55:21.856594 2026] [mpm_winnt:notice] [pid 18180:tid 452] AH00418: Parent: Created child process 1268
[Thu Mar 19 11:55:22.340566 2026] [mpm_winnt:notice] [pid 1268:tid 496] AH00354: Child: Starting 64 worker threads.
[Thu Mar 19 17:31:30.564658 2026] [mpm_winnt:notice] [pid 18180:tid 452] AH00428: Parent: child process 1268 exited with status 1073807364 -- Restarting.
[Thu Mar 19 17:31:33.115168 2026] [mpm_winnt:notice] [pid 18180:tid 452] AH00455: Apache/2.4.54 (Win64) OpenSSL/1.1.1q mod_fcgid/2.3.10-dev configured -- resuming normal operations
[Thu Mar 19 17:31:33.115168 2026] [mpm_winnt:notice] [pid 18180:tid 452] AH00456: Apache Lounge VS16 Server built: Jun 22 2022 09:58:15
[Thu Mar 19 17:31:33.115168 2026] [core:notice] [pid 18180:tid 452] AH00094: Command line: 'D:\\laragon\\bin\\apache\\httpd-2.4.54-win64-VS16\\bin\\httpd -d D:/laragon/bin/apache/httpd-2.4.54-win64-VS16'
[Thu Mar 19 17:31:33.146743 2026] [mpm_winnt:notice] [pid 18180:tid 452] AH00418: Parent: Created child process 624
[Thu Mar 19 17:31:33.260218 2026] [mpm_winnt:crit] [pid 18180:tid 452] AH00419: master_main: create child process failed. Exiting.
[Tue Mar 24 14:22:38.532325 2026] [mpm_winnt:notice] [pid 3332:tid 460] AH00455: Apache/2.4.54 (Win64) OpenSSL/1.1.1q mod_fcgid/2.3.10-dev configured -- resuming normal operations
[Tue Mar 24 14:22:38.538832 2026] [mpm_winnt:notice] [pid 3332:tid 460] AH00456: Apache Lounge VS16 Server built: Jun 22 2022 09:58:15
[Tue Mar 24 14:22:38.538832 2026] [core:notice] [pid 3332:tid 460] AH00094: Command line: 'D:\\laragon\\bin\\apache\\httpd-2.4.54-win64-VS16\\bin\\httpd -d D:/laragon/bin/apache/httpd-2.4.54-win64-VS16'
[Tue Mar 24 14:22:38.538832 2026] [mpm_winnt:notice] [pid 3332:tid 460] AH00418: Parent: Created child process 4360
[Tue Mar 24 14:22:39.054930 2026] [mpm_winnt:notice] [pid 4360:tid 468] AH00354: Child: Starting 64 worker threads.
[Wed Mar 25 09:47:30.751370 2026] [core:warn] [pid 11004:tid 452] AH00098: pid file D:/laragon/bin/apache/httpd-2.4.54-win64-VS16/logs/httpd.pid overwritten -- Unclean shutdown of previous Apache run?
[Wed Mar 25 09:47:30.751370 2026] [mpm_winnt:notice] [pid 11004:tid 452] AH00455: Apache/2.4.54 (Win64) OpenSSL/1.1.1q mod_fcgid/2.3.10-dev configured -- resuming normal operations
[Wed Mar 25 09:47:30.751370 2026] [mpm_winnt:notice] [pid 11004:tid 452] AH00456: Apache Lounge VS16 Server built: Jun 22 2022 09:58:15
[Wed Mar 25 09:47:30.751370 2026] [core:notice] [pid 11004:tid 452] AH00094: Command line: 'D:\\laragon\\bin\\apache\\httpd-2.4.54-win64-VS16\\bin\\httpd -d D:/laragon/bin/apache/httpd-2.4.54-win64-VS16'
[Wed Mar 25 09:47:30.757073 2026] [mpm_winnt:notice] [pid 11004:tid 452] AH00418: Parent: Created child process 15404
Apache server restarting...
2026] [mpm_winnt:notice] [pid 15404:tid 448] AH00354: Child: Starting 64 worker threads.
[Wed Mar 25 09:49:40.479423 2026] [mpm_winnt:notice] [pid 11004:tid 452] AH00424: Parent: Received restart signal -- Restarting the server.
[Wed Mar 25 09:49:40.670506 2026] [mpm_winnt:notice] [pid 11004:tid 452] AH00455: Apache/2.4.54 (Win64) OpenSSL/1.1.1q mod_fcgid/2.3.10-dev configured -- resuming normal operations
[Wed Mar 25 09:49:40.670506 2026] [mpm_winnt:notice] [pid 11004:tid 452] AH00456: Apache Lounge VS16 Server built: Jun 22 2022 09:58:15
[Wed Mar 25 09:49:40.670506 2026] [core:notice] [pid 11004:tid 452] AH00094: Command line: 'D:\\laragon\\bin\\apache\\httpd-2.4.54-win64-VS16\\bin\\httpd -d D:/laragon/bin/apache/httpd-2.4.54-win64-VS16'
[Wed Mar 25 09:49:40.670506 2026] [mpm_winnt:notice] [pid 11004:tid 452] AH00418: Parent: Created child process 14420
Apache server interrupted...
026] [mpm_winnt:notice] [pid 14420:tid 460] AH00354: Child: Starting 64 worker threads.
[Wed Mar 25 09:49:42.516819 2026] [mpm_winnt:notice] [pid 15404:tid 448] AH00364: Child: All worker threads have exited.
[Wed Mar 25 15:07:19.179845 2026] [mpm_winnt:notice] [pid 11004:tid 452] AH00422: Parent: Received shutdown signal -- Shutting down the server.
[Wed Mar 25 15:13:32.070218 2026] [core:warn] [pid 19708:tid 484] AH00098: pid file D:/laragon/bin/apache/httpd-2.4.54-win64-VS16/logs/httpd.pid overwritten -- Unclean shutdown of previous Apache run?
[Wed Mar 25 15:13:32.074582 2026] [mpm_winnt:notice] [pid 19708:tid 484] AH00455: Apache/2.4.54 (Win64) OpenSSL/1.1.1q mod_fcgid/2.3.10-dev configured -- resuming normal operations
[Wed Mar 25 15:13:32.074582 2026] [mpm_winnt:notice] [pid 19708:tid 484] AH00456: Apache Lounge VS16 Server built: Jun 22 2022 09:58:15
[Wed Mar 25 15:13:32.074582 2026] [core:notice] [pid 19708:tid 484] AH00094: Command line: 'D:\\laragon\\bin\\apache\\httpd-2.4.54-win64-VS16\\bin\\httpd -d D:/laragon/bin/apache/httpd-2.4.54-win64-VS16'
[Wed Mar 25 15:13:32.082636 2026] [mpm_winnt:notice] [pid 19708:tid 484] AH00418: Parent: Created child process 23068
Apache server interrupted...
026] [mpm_winnt:notice] [pid 23068:tid 456] AH00354: Child: Starting 64 worker threads.
[Wed Mar 25 15:14:08.642528 2026] [mpm_winnt:notice] [pid 19708:tid 484] AH00422: Parent: Received shutdown signal -- Shutting down the server.
[Wed Mar 25 15:14:10.658901 2026] [mpm_winnt:notice] [pid 23068:tid 456] AH00364: Child: All worker threads have exited.
[Wed Mar 25 15:14:12.397467 2026] [core:warn] [pid 23868:tid 456] AH00098: pid file D:/laragon/bin/apache/httpd-2.4.54-win64-VS16/logs/httpd.pid overwritten -- Unclean shutdown of previous Apache run?
[Wed Mar 25 15:14:12.401363 2026] [mpm_winnt:notice] [pid 23868:tid 456] AH00455: Apache/2.4.54 (Win64) OpenSSL/1.1.1q mod_fcgid/2.3.10-dev configured -- resuming normal operations
[Wed Mar 25 15:14:12.401363 2026] [mpm_winnt:notice] [pid 23868:tid 456] AH00456: Apache Lounge VS16 Server built: Jun 22 2022 09:58:15
[Wed Mar 25 15:14:12.401363 2026] [core:notice] [pid 23868:tid 456] AH00094: Command line: 'D:\\laragon\\bin\\apache\\httpd-2.4.54-win64-VS16\\bin\\httpd -d D:/laragon/bin/apache/httpd-2.4.54-win64-VS16'
[Wed Mar 25 15:14:12.406880 2026] [mpm_winnt:notice] [pid 23868:tid 456] AH00418: Parent: Created child process 22096
Apache server interrupted...
026] [mpm_winnt:notice] [pid 22096:tid 448] AH00354: Child: Starting 64 worker threads.
[Wed Mar 25 17:14:47.476415 2026] [mpm_winnt:notice] [pid 23868:tid 456] AH00422: Parent: Received shutdown signal -- Shutting down the server.
[Wed Mar 25 17:14:49.488574 2026] [mpm_winnt:notice] [pid 22096:tid 448] AH00364: Child: All worker threads have exited.
[Wed Mar 25 17:14:52.791331 2026] [core:warn] [pid 24420:tid 460] AH00098: pid file D:/laragon/bin/apache/httpd-2.4.54-win64-VS16/logs/httpd.pid overwritten -- Unclean shutdown of previous Apache run?
[Wed Mar 25 17:14:52.791331 2026] [mpm_winnt:notice] [pid 24420:tid 460] AH00455: Apache/2.4.54 (Win64) OpenSSL/1.1.1q mod_fcgid/2.3.10-dev configured -- resuming normal operations
[Wed Mar 25 17:14:52.791331 2026] [mpm_winnt:notice] [pid 24420:tid 460] AH00456: Apache Lounge VS16 Server built: Jun 22 2022 09:58:15
[Wed Mar 25 17:14:52.791331 2026] [core:notice] [pid 24420:tid 460] AH00094: Command line: 'D:\\laragon\\bin\\apache\\httpd-2.4.54-win64-VS16\\bin\\httpd -d D:/laragon/bin/apache/httpd-2.4.54-win64-VS16'
[Wed Mar 25 17:14:52.801509 2026] [mpm_winnt:notice] [pid 24420:tid 460] AH00418: Parent: Created child process 21260
Apache server interrupted...
026] [mpm_winnt:notice] [pid 21260:tid 472] AH00354: Child: Starting 64 worker threads.
[Thu Mar 26 12:40:05.112738 2026] [mpm_winnt:notice] [pid 24420:tid 460] AH00422: Parent: Received shutdown signal -- Shutting down the server.
[Thu Mar 26 12:40:07.159593 2026] [mpm_winnt:notice] [pid 21260:tid 472] AH00364: Child: All worker threads have exited.
[Thu Mar 26 12:40:13.829581 2026] [core:warn] [pid 19844:tid 452] AH00098: pid file D:/laragon/bin/apache/httpd-2.4.54-win64-VS16/logs/httpd.pid overwritten -- Unclean shutdown of previous Apache run?
[Thu Mar 26 12:40:13.839806 2026] [mpm_winnt:notice] [pid 19844:tid 452] AH00455: Apache/2.4.54 (Win64) OpenSSL/1.1.1q mod_fcgid/2.3.10-dev configured -- resuming normal operations
[Thu Mar 26 12:40:13.839806 2026] [mpm_winnt:notice] [pid 19844:tid 452] AH00456: Apache Lounge VS16 Server built: Jun 22 2022 09:58:15
[Thu Mar 26 12:40:13.839806 2026] [core:notice] [pid 19844:tid 452] AH00094: Command line: 'D:\\laragon\\bin\\apache\\httpd-2.4.54-win64-VS16\\bin\\httpd -d D:/laragon/bin/apache/httpd-2.4.54-win64-VS16'
[Thu Mar 26 12:40:13.845453 2026] [mpm_winnt:notice] [pid 19844:tid 452] AH00418: Parent: Created child process 1492
Apache server interrupted...
026] [mpm_winnt:notice] [pid 1492:tid 460] AH00354: Child: Starting 64 worker threads.
[Thu Mar 26 15:37:58.646540 2026] [autoindex:error] [pid 1492:tid 1180] [client 127.0.0.1:64100] AH01276: Cannot serve directory D:/laragon/www/laravel-pos-system-ecommerce/public/: No matching DirectoryIndex (index.html,index.php) found, and server-generated directory index forbidden by Options directive, referer: http://laravel-pos-system-ecommerce.test/admin/products/admin/22/edit
[Thu Mar 26 15:38:08.882421 2026] [autoindex:error] [pid 1492:tid 1180] [client 127.0.0.1:64100] AH01276: Cannot serve directory D:/laragon/www/laravel-pos-system-ecommerce/public/: No matching DirectoryIndex (index.html,index.php) found, and server-generated directory index forbidden by Options directive, referer: http://laravel-pos-system-ecommerce.test/admin/products/admin/22/edit
[Thu Mar 26 15:42:38.989714 2026] [autoindex:error] [pid 1492:tid 1176] [client 127.0.0.1:49164] AH01276: Cannot serve directory D:/laragon/www/laravel-pos-system-ecommerce/public/: No matching DirectoryIndex (index.html,index.php) found, and server-generated directory index forbidden by Options directive, referer: http://laravel-pos-system-ecommerce.test/admin/products/admin/22/edit
[Thu Mar 26 15:42:45.528124 2026] [autoindex:error] [pid 1492:tid 1156] [client 127.0.0.1:55540] AH01276: Cannot serve directory D:/laragon/www/laravel-pos-system-ecommerce/public/: No matching DirectoryIndex (index.html,index.php) found, and server-generated directory index forbidden by Options directive, referer: http://laravel-pos-system-ecommerce.test/admin/products/admin/22/edit
[Thu Mar 26 15:48:57.257833 2026] [autoindex:error] [pid 1492:tid 1168] [client 127.0.0.1:57683] AH01276: Cannot serve directory D:/laragon/www/laravel-pos-system-ecommerce/public/: No matching DirectoryIndex (index.html,index.php) found, and server-generated directory index forbidden by Options directive, referer: http://laravel-pos-system-ecommerce.test/admin/products/admin/20/edit
[Thu Mar 26 15:49:20.859434 2026] [autoindex:error] [pid 1492:tid 1212] [client 127.0.0.1:51108] AH01276: Cannot serve directory D:/laragon/www/laravel-pos-system-ecommerce/public/: No matching DirectoryIndex (index.html,index.php) found, and server-generated directory index forbidden by Options directive, referer: http://laravel-pos-system-ecommerce.test/admin/products/admin/20/edit
[Thu Mar 26 15:55:11.918326 2026] [autoindex:error] [pid 1492:tid 1176] [client 127.0.0.1:54357] AH01276: Cannot serve directory D:/laragon/www/laravel-pos-system-ecommerce/public/: No matching DirectoryIndex (index.html,index.php) found, and server-generated directory index forbidden by Options directive, referer: http://laravel-pos-system-ecommerce.test/?
[Thu Mar 26 15:55:49.822968 2026] [autoindex:error] [pid 1492:tid 1180] [client 127.0.0.1:51894] AH01276: Cannot serve directory D:/laragon/www/laravel-pos-system-ecommerce/public/: No matching DirectoryIndex (index.html,index.php) found, and server-generated directory index forbidden by Options directive, referer: http://laravel-pos-system-ecommerce.test/?
[Thu Mar 26 15:56:39.476651 2026] [autoindex:error] [pid 1492:tid 1180] [client 127.0.0.1:49305] AH01276: Cannot serve directory D:/laragon/www/laravel-pos-system-ecommerce/public/: No matching DirectoryIndex (index.html,index.php) found, and server-generated directory index forbidden by Options directive, referer: http://laravel-pos-system-ecommerce.test/?
[Thu Mar 26 15:56:39.526085 2026] [autoindex:error] [pid 1492:tid 1180] [client 127.0.0.1:49305] AH01276: Cannot serve directory D:/laragon/www/laravel-pos-system-ecommerce/public/: No matching DirectoryIndex (index.html,index.php) found, and server-generated directory index forbidden by Options directive, referer: http://laravel-pos-system-ecommerce.test/?
[Thu Mar 26 16:17:58.072560 2026] [autoindex:error] [pid 1492:tid 1180] [client 127.0.0.1:49540] AH01276: Cannot serve directory D:/laragon/www/laravel-pos-system-ecommerce/public/: No matching DirectoryIndex (index.html,index.php) found, and server-generated directory index forbidden by Options directive, referer: http://laravel-pos-system-ecommerce.test/?
[Thu Mar 26 16:21:48.383307 2026] [autoindex:error] [pid 1492:tid 1212] [client 127.0.0.1:57805] AH01276: Cannot serve directory D:/laragon/www/laravel-pos-system-ecommerce/public/: No matching DirectoryIndex (index.html,index.php) found, and server-generated directory index forbidden by Options directive, referer: http://laravel-pos-system-ecommerce.test/?
[Thu Mar 26 16:21:50.871148 2026] [autoindex:error] [pid 1492:tid 1212] [client 127.0.0.1:57805] AH01276: Cannot serve directory D:/laragon/www/laravel-pos-system-ecommerce/public/: No matching DirectoryIndex (index.html,index.php) found, and server-generated directory index forbidden by Options directive, referer: http://laravel-pos-system-ecommerce.test/
[Thu Mar 26 16:22:43.369665 2026] [autoindex:error] [pid 1492:tid 1148] [client 127.0.0.1:65237] AH01276: Cannot serve directory D:/laragon/www/laravel-pos-system-ecommerce/public/: No matching DirectoryIndex (index.html,index.php) found, and server-generated directory index forbidden by Options directive, referer: http://laravel-pos-system-ecommerce.test/
[Thu Mar 26 16:27:35.262478 2026] [autoindex:error] [pid 1492:tid 1148] [client 127.0.0.1:50453] AH01276: Cannot serve directory D:/laragon/www/laravel-pos-system-ecommerce/public/: No matching DirectoryIndex (index.html,index.php) found, and server-generated directory index forbidden by Options directive, referer: http://laravel-pos-system-ecommerce.test/
[Thu Mar 26 16:27:35.305581 2026] [autoindex:error] [pid 1492:tid 1148] [client 127.0.0.1:50453] AH01276: Cannot serve directory D:/laragon/www/laravel-pos-system-ecommerce/public/: No matching DirectoryIndex (index.html,index.php) found, and server-generated directory index forbidden by Options directive, referer: http://laravel-pos-system-ecommerce.test/
[Thu Mar 26 16:28:15.604640 2026] [autoindex:error] [pid 1492:tid 1148] [client 127.0.0.1:57106] AH01276: Cannot serve directory D:/laragon/www/laravel-pos-system-ecommerce/public/: No matching DirectoryIndex (index.html,index.php) found, and server-generated directory index forbidden by Options directive, referer: http://laravel-pos-system-ecommerce.test/
[Thu Mar 26 16:28:42.658523 2026] [autoindex:error] [pid 1492:tid 1176] [client 127.0.0.1:52273] AH01276: Cannot serve directory D:/laragon/www/laravel-pos-system-ecommerce/public/: No matching DirectoryIndex (index.html,index.php) found, and server-generated directory index forbidden by Options directive, referer: http://laravel-pos-system-ecommerce.test/
[Fri Mar 27 15:44:32.332029 2026] [mpm_winnt:notice] [pid 19844:tid 452] AH00422: Parent: Received shutdown signal -- Shutting down the server.
Apache server interrupted...
026] [mpm_winnt:notice] [pid 1492:tid 460] AH00364: Child: All worker threads have exited.
[Fri Mar 27 15:44:38.072827 2026] [core:warn] [pid 24764:tid 484] AH00098: pid file D:/laragon/bin/apache/httpd-2.4.54-win64-VS16/logs/httpd.pid overwritten -- Unclean shutdown of previous Apache run?
[Fri Mar 27 15:44:38.077387 2026] [mpm_winnt:notice] [pid 24764:tid 484] AH00455: Apache/2.4.54 (Win64) OpenSSL/1.1.1q mod_fcgid/2.3.10-dev configured -- resuming normal operations
[Fri Mar 27 15:44:38.077387 2026] [mpm_winnt:notice] [pid 24764:tid 484] AH00456: Apache Lounge VS16 Server built: Jun 22 2022 09:58:15
[Fri Mar 27 15:44:38.077387 2026] [core:notice] [pid 24764:tid 484] AH00094: Command line: 'D:\\laragon\\bin\\apache\\httpd-2.4.54-win64-VS16\\bin\\httpd -d D:/laragon/bin/apache/httpd-2.4.54-win64-VS16'
[Fri Mar 27 15:44:38.085981 2026] [mpm_winnt:notice] [pid 24764:tid 484] AH00418: Parent: Created child process 17544
[Fri Mar 27 15:44:38.892498 2026] [mpm_winnt:notice] [pid 17544:tid 480] AH00354: Child: Starting 64 worker threads.
[Mon Mar 30 15:58:42.187830 2026] [core:warn] [pid 19364:tid 500] AH00098: pid file D:/laragon/bin/apache/httpd-2.4.54-win64-VS16/logs/httpd.pid overwritten -- Unclean shutdown of previous Apache run?
[Mon Mar 30 15:58:42.195326 2026] [mpm_winnt:notice] [pid 19364:tid 500] AH00455: Apache/2.4.54 (Win64) OpenSSL/1.1.1q mod_fcgid/2.3.10-dev configured -- resuming normal operations
[Mon Mar 30 15:58:42.195326 2026] [mpm_winnt:notice] [pid 19364:tid 500] AH00456: Apache Lounge VS16 Server built: Jun 22 2022 09:58:15
[Mon Mar 30 15:58:42.195326 2026] [core:notice] [pid 19364:tid 500] AH00094: Command line: 'D:\\laragon\\bin\\apache\\httpd-2.4.54-win64-VS16\\bin\\httpd -d D:/laragon/bin/apache/httpd-2.4.54-win64-VS16'
[Mon Mar 30 15:58:42.201846 2026] [mpm_winnt:notice] [pid 19364:tid 500] AH00418: Parent: Created child process 7336
[Mon Mar 30 15:58:43.157664 2026] [mpm_winnt:notice] [pid 7336:tid 452] AH00354: Child: Starting 64 worker threads.
[Mon Mar 30 17:05:43.384233 2026] [core:warn] [pid 14808:tid 464] AH00098: pid file D:/laragon/bin/apache/httpd-2.4.54-win64-VS16/logs/httpd.pid overwritten -- Unclean shutdown of previous Apache run?
[Mon Mar 30 17:05:43.393317 2026] [mpm_winnt:notice] [pid 14808:tid 464] AH00455: Apache/2.4.54 (Win64) OpenSSL/1.1.1q mod_fcgid/2.3.10-dev configured -- resuming normal operations
[Mon Mar 30 17:05:43.393317 2026] [mpm_winnt:notice] [pid 14808:tid 464] AH00456: Apache Lounge VS16 Server built: Jun 22 2022 09:58:15
[Mon Mar 30 17:05:43.393317 2026] [core:notice] [pid 14808:tid 464] AH00094: Command line: 'D:\\laragon\\bin\\apache\\httpd-2.4.54-win64-VS16\\bin\\httpd -d D:/laragon/bin/apache/httpd-2.4.54-win64-VS16'
[Mon Mar 30 17:05:43.413183 2026] [mpm_winnt:notice] [pid 14808:tid 464] AH00418: Parent: Created child process 6932
Apache server interrupted...
026] [mpm_winnt:notice] [pid 6932:tid 456] AH00354: Child: Starting 64 worker threads.
[Mon Mar 30 17:15:57.517470 2026] [mpm_winnt:notice] [pid 14808:tid 464] AH00422: Parent: Received shutdown signal -- Shutting down the server.
[Mon Mar 30 17:15:59.531184 2026] [mpm_winnt:notice] [pid 6932:tid 456] AH00364: Child: All worker threads have exited.
[Mon Mar 30 17:16:02.869042 2026] [core:warn] [pid 12104:tid 456] AH00098: pid file D:/laragon/bin/apache/httpd-2.4.54-win64-VS16/logs/httpd.pid overwritten -- Unclean shutdown of previous Apache run?
[Mon Mar 30 17:16:02.871667 2026] [mpm_winnt:notice] [pid 12104:tid 456] AH00455: Apache/2.4.54 (Win64) OpenSSL/1.1.1q mod_fcgid/2.3.10-dev configured -- resuming normal operations
[Mon Mar 30 17:16:02.871667 2026] [mpm_winnt:notice] [pid 12104:tid 456] AH00456: Apache Lounge VS16 Server built: Jun 22 2022 09:58:15
[Mon Mar 30 17:16:02.871667 2026] [core:notice] [pid 12104:tid 456] AH00094: Command line: 'D:\\laragon\\bin\\apache\\httpd-2.4.54-win64-VS16\\bin\\httpd -d D:/laragon/bin/apache/httpd-2.4.54-win64-VS16'
[Mon Mar 30 17:16:02.876942 2026] [mpm_winnt:notice] [pid 12104:tid 456] AH00418: Parent: Created child process 17104
Apache server interrupted...
026] [mpm_winnt:notice] [pid 17104:tid 448] AH00354: Child: Starting 64 worker threads.
[Mon Mar 30 19:45:54.862642 2026] [mpm_winnt:notice] [pid 12104:tid 456] AH00422: Parent: Received shutdown signal -- Shutting down the server.
[Mon Mar 30 19:45:56.887573 2026] [mpm_winnt:notice] [pid 17104:tid 448] AH00364: Child: All worker threads have exited.
[Mon Mar 30 19:46:00.599088 2026] [core:warn] [pid 18668:tid 472] AH00098: pid file D:/laragon/bin/apache/httpd-2.4.54-win64-VS16/logs/httpd.pid overwritten -- Unclean shutdown of previous Apache run?
[Mon Mar 30 19:46:00.601097 2026] [mpm_winnt:notice] [pid 18668:tid 472] AH00455: Apache/2.4.54 (Win64) OpenSSL/1.1.1q mod_fcgid/2.3.10-dev configured -- resuming normal operations
[Mon Mar 30 19:46:00.601097 2026] [mpm_winnt:notice] [pid 18668:tid 472] AH00456: Apache Lounge VS16 Server built: Jun 22 2022 09:58:15
[Mon Mar 30 19:46:00.601097 2026] [core:notice] [pid 18668:tid 472] AH00094: Command line: 'D:\\laragon\\bin\\apache\\httpd-2.4.54-win64-VS16\\bin\\httpd -d D:/laragon/bin/apache/httpd-2.4.54-win64-VS16'
[Mon Mar 30 19:46:00.610218 2026] [mpm_winnt:notice] [pid 18668:tid 472] AH00418: Parent: Created child process 21920
Apache server restarting...
2026] [mpm_winnt:notice] [pid 21920:tid 460] AH00354: Child: Starting 64 worker threads.
[Mon Mar 30 19:47:05.267324 2026] [mpm_winnt:notice] [pid 18668:tid 472] AH00424: Parent: Received restart signal -- Restarting the server.
[Mon Mar 30 19:47:06.442166 2026] [mpm_winnt:notice] [pid 18668:tid 472] AH00455: Apache/2.4.54 (Win64) OpenSSL/1.1.1q configured -- resuming normal operations
[Mon Mar 30 19:47:06.442166 2026] [mpm_winnt:notice] [pid 18668:tid 472] AH00456: Apache Lounge VS16 Server built: Jun 22 2022 09:58:15
[Mon Mar 30 19:47:06.442166 2026] [core:notice] [pid 18668:tid 472] AH00094: Command line: 'D:\\laragon\\bin\\apache\\httpd-2.4.54-win64-VS16\\bin\\httpd -d D:/laragon/bin/apache/httpd-2.4.54-win64-VS16'
[Mon Mar 30 19:47:06.452138 2026] [mpm_winnt:notice] [pid 18668:tid 472] AH00418: Parent: Created child process 21924
Apache server interrupted...
026] [mpm_winnt:notice] [pid 21920:tid 460] AH00364: Child: All worker threads have exited.
[Mon Mar 30 19:47:08.776252 2026] [mpm_winnt:crit] [pid 21924:tid 448] (OS 109)The pipe has been ended.  : AH00404: Child: Unable to read socket data from parent
[Mon Mar 30 19:47:20.493910 2026] [core:warn] [pid 12760:tid 196] AH00098: pid file D:/laragon/bin/apache/httpd-2.4.54-win64-VS16/logs/httpd.pid overwritten -- Unclean shutdown of previous Apache run?
[Mon Mar 30 19:47:20.549990 2026] [mpm_winnt:notice] [pid 12760:tid 196] AH00455: Apache/2.4.54 (Win64) OpenSSL/1.1.1q PHP/8.1.10 configured -- resuming normal operations
[Mon Mar 30 19:47:20.549990 2026] [mpm_winnt:notice] [pid 12760:tid 196] AH00456: Apache Lounge VS16 Server built: Jun 22 2022 09:58:15
[Mon Mar 30 19:47:20.549990 2026] [core:notice] [pid 12760:tid 196] AH00094: Command line: 'D:\\laragon\\bin\\apache\\httpd-2.4.54-win64-VS16\\bin\\httpd -d D:/laragon/bin/apache/httpd-2.4.54-win64-VS16'
[Mon Mar 30 19:47:20.558370 2026] [mpm_winnt:notice] [pid 12760:tid 196] AH00418: Parent: Created child process 18872
[Mon Mar 30 19:47:21.264492 2026] [mpm_winnt:notice] [pid 18872:tid 448] AH00354: Child: Starting 64 worker threads.
[Tue Mar 31 11:22:45.087839 2026] [core:warn] [pid 14040:tid 452] AH00098: pid file D:/laragon/bin/apache/httpd-2.4.54-win64-VS16/logs/httpd.pid overwritten -- Unclean shutdown of previous Apache run?
[Tue Mar 31 11:22:45.767132 2026] [mpm_winnt:notice] [pid 14040:tid 452] AH00455: Apache/2.4.54 (Win64) OpenSSL/1.1.1q PHP/8.1.10 configured -- resuming normal operations
[Tue Mar 31 11:22:45.767132 2026] [mpm_winnt:notice] [pid 14040:tid 452] AH00456: Apache Lounge VS16 Server built: Jun 22 2022 09:58:15
[Tue Mar 31 11:22:45.767132 2026] [core:notice] [pid 14040:tid 452] AH00094: Command line: 'D:\\laragon\\bin\\apache\\httpd-2.4.54-win64-VS16\\bin\\httpd -d D:/laragon/bin/apache/httpd-2.4.54-win64-VS16'
[Tue Mar 31 11:22:45.773110 2026] [mpm_winnt:notice] [pid 14040:tid 452] AH00418: Parent: Created child process 7800
Apache server interrupted...
026] [mpm_winnt:notice] [pid 7800:tid 476] AH00354: Child: Starting 64 worker threads.
[Tue Mar 31 11:23:01.007056 2026] [mpm_winnt:notice] [pid 14040:tid 452] AH00422: Parent: Received shutdown signal -- Shutting down the server.
[Tue Mar 31 11:23:03.026739 2026] [mpm_winnt:notice] [pid 7800:tid 476] AH00364: Child: All worker threads have exited.
[Tue Mar 31 11:23:05.181749 2026] [core:warn] [pid 20348:tid 500] AH00098: pid file D:/laragon/bin/apache/httpd-2.4.54-win64-VS16/logs/httpd.pid overwritten -- Unclean shutdown of previous Apache run?
[Tue Mar 31 11:23:05.185778 2026] [mpm_winnt:notice] [pid 20348:tid 500] AH00455: Apache/2.4.54 (Win64) OpenSSL/1.1.1q mod_fcgid/2.3.10-dev configured -- resuming normal operations
[Tue Mar 31 11:23:05.185778 2026] [mpm_winnt:notice] [pid 20348:tid 500] AH00456: Apache Lounge VS16 Server built: Jun 22 2022 09:58:15
[Tue Mar 31 11:23:05.185778 2026] [core:notice] [pid 20348:tid 500] AH00094: Command line: 'D:\\laragon\\bin\\apache\\httpd-2.4.54-win64-VS16\\bin\\httpd -d D:/laragon/bin/apache/httpd-2.4.54-win64-VS16'
[Tue Mar 31 11:23:05.193044 2026] [mpm_winnt:notice] [pid 20348:tid 500] AH00418: Parent: Created child process 1228
Apache server interrupted...
026] [mpm_winnt:notice] [pid 1228:tid 476] AH00354: Child: Starting 64 worker threads.
[Tue Mar 31 11:23:39.990540 2026] [mpm_winnt:notice] [pid 20348:tid 500] AH00422: Parent: Received shutdown signal -- Shutting down the server.
[Tue Mar 31 11:23:42.018206 2026] [mpm_winnt:notice] [pid 1228:tid 476] AH00364: Child: All worker threads have exited.
[Tue Mar 31 11:23:45.975521 2026] [core:warn] [pid 4064:tid 476] AH00098: pid file D:/laragon/bin/apache/httpd-2.4.54-win64-VS16/logs/httpd.pid overwritten -- Unclean shutdown of previous Apache run?
[Tue Mar 31 11:23:45.981186 2026] [mpm_winnt:notice] [pid 4064:tid 476] AH00455: Apache/2.4.54 (Win64) OpenSSL/1.1.1q mod_fcgid/2.3.10-dev configured -- resuming normal operations
[Tue Mar 31 11:23:45.981186 2026] [mpm_winnt:notice] [pid 4064:tid 476] AH00456: Apache Lounge VS16 Server built: Jun 22 2022 09:58:15
[Tue Mar 31 11:23:45.981186 2026] [core:notice] [pid 4064:tid 476] AH00094: Command line: 'D:\\laragon\\bin\\apache\\httpd-2.4.54-win64-VS16\\bin\\httpd -d D:/laragon/bin/apache/httpd-2.4.54-win64-VS16'
[Tue Mar 31 11:23:45.989227 2026] [mpm_winnt:notice] [pid 4064:tid 476] AH00418: Parent: Created child process 18144
Apache server interrupted...
026] [mpm_winnt:notice] [pid 18144:tid 448] AH00354: Child: Starting 64 worker threads.
[Tue Mar 31 11:24:17.948272 2026] [mpm_winnt:notice] [pid 4064:tid 476] AH00422: Parent: Received shutdown signal -- Shutting down the server.
[Tue Mar 31 11:24:19.987465 2026] [mpm_winnt:notice] [pid 18144:tid 448] AH00364: Child: All worker threads have exited.
[Tue Mar 31 11:24:22.214187 2026] [core:warn] [pid 17904:tid 468] AH00098: pid file D:/laragon/bin/apache/httpd-2.4.54-win64-VS16/logs/httpd.pid overwritten -- Unclean shutdown of previous Apache run?
[Tue Mar 31 11:24:22.217062 2026] [mpm_winnt:notice] [pid 17904:tid 468] AH00455: Apache/2.4.54 (Win64) OpenSSL/1.1.1q mod_fcgid/2.3.10-dev configured -- resuming normal operations
[Tue Mar 31 11:24:22.217062 2026] [mpm_winnt:notice] [pid 17904:tid 468] AH00456: Apache Lounge VS16 Server built: Jun 22 2022 09:58:15
[Tue Mar 31 11:24:22.217062 2026] [core:notice] [pid 17904:tid 468] AH00094: Command line: 'D:\\laragon\\bin\\apache\\httpd-2.4.54-win64-VS16\\bin\\httpd -d D:/laragon/bin/apache/httpd-2.4.54-win64-VS16'
[Tue Mar 31 11:24:22.217062 2026] [mpm_winnt:notice] [pid 17904:tid 468] AH00418: Parent: Created child process 21172
[Tue Mar 31 11:24:22.788475 2026] [mpm_winnt:notice] [pid 21172:tid 488] AH00354: Child: Starting 64 worker threads.
[Tue Mar 31 18:29:03.658875 2026] [mpm_winnt:crit] [pid 21172:tid 488] AH02538: Child: Parent process exited abruptly. Child process is ending
[Tue Mar 31 18:29:05.686746 2026] [mpm_winnt:notice] [pid 21172:tid 488] AH00364: Child: All worker threads have exited.
[Tue Mar 31 18:29:14.146595 2026] [fcgid:error] [pid 21172] FastCGI process 1712 still did not exit, terminating forcefully
[Tue Mar 31 18:29:14.146595 2026] [fcgid:error] [pid 21172] FastCGI process 23368 still did not exit, terminating forcefully
[Tue Mar 31 18:29:14.146595 2026] [fcgid:error] [pid 21172] FastCGI process 16592 still did not exit, terminating forcefully
[Wed Apr 01 10:49:02.028391 2026] [core:warn] [pid 20848:tid 492] AH00098: pid file D:/laragon/bin/apache/httpd-2.4.54-win64-VS16/logs/httpd.pid overwritten -- Unclean shutdown of previous Apache run?
[Wed Apr 01 10:49:02.037588 2026] [mpm_winnt:notice] [pid 20848:tid 492] AH00455: Apache/2.4.54 (Win64) OpenSSL/1.1.1q mod_fcgid/2.3.10-dev configured -- resuming normal operations
[Wed Apr 01 10:49:02.037588 2026] [mpm_winnt:notice] [pid 20848:tid 492] AH00456: Apache Lounge VS16 Server built: Jun 22 2022 09:58:15
[Wed Apr 01 10:49:02.037588 2026] [core:notice] [pid 20848:tid 492] AH00094: Command line: 'D:\\laragon\\bin\\apache\\httpd-2.4.54-win64-VS16\\bin\\httpd -d D:/laragon/bin/apache/httpd-2.4.54-win64-VS16'
[Wed Apr 01 10:49:02.040919 2026] [mpm_winnt:notice] [pid 20848:tid 492] AH00418: Parent: Created child process 13640
[Wed Apr 01 10:49:02.758183 2026] [mpm_winnt:notice] [pid 13640:tid 484] AH00354: Child: Starting 64 worker threads.
[Thu Apr 02 11:01:23.454821 2026] [core:warn] [pid 15900:tid 480] AH00098: pid file D:/laragon/bin/apache/httpd-2.4.54-win64-VS16/logs/httpd.pid overwritten -- Unclean shutdown of previous Apache run?
[Thu Apr 02 11:01:23.454821 2026] [mpm_winnt:notice] [pid 15900:tid 480] AH00455: Apache/2.4.54 (Win64) OpenSSL/1.1.1q mod_fcgid/2.3.10-dev configured -- resuming normal operations
[Thu Apr 02 11:01:23.454821 2026] [mpm_winnt:notice] [pid 15900:tid 480] AH00456: Apache Lounge VS16 Server built: Jun 22 2022 09:58:15
[Thu Apr 02 11:01:23.454821 2026] [core:notice] [pid 15900:tid 480] AH00094: Command line: 'D:\\laragon\\bin\\apache\\httpd-2.4.54-win64-VS16\\bin\\httpd -d D:/laragon/bin/apache/httpd-2.4.54-win64-VS16'
[Thu Apr 02 11:01:23.470677 2026] [mpm_winnt:notice] [pid 15900:tid 480] AH00418: Parent: Created child process 21656
[Thu Apr 02 11:01:24.054844 2026] [mpm_winnt:notice] [pid 21656:tid 476] AH00354: Child: Starting 64 worker threads.
[Fri Apr 03 11:47:50.371221 2026] [core:warn] [pid 16160:tid 452] AH00098: pid file D:/laragon/bin/apache/httpd-2.4.54-win64-VS16/logs/httpd.pid overwritten -- Unclean shutdown of previous Apache run?
[Fri Apr 03 11:47:50.401443 2026] [mpm_winnt:notice] [pid 16160:tid 452] AH00455: Apache/2.4.54 (Win64) OpenSSL/1.1.1q mod_fcgid/2.3.10-dev configured -- resuming normal operations
[Fri Apr 03 11:47:50.402449 2026] [mpm_winnt:notice] [pid 16160:tid 452] AH00456: Apache Lounge VS16 Server built: Jun 22 2022 09:58:15
[Fri Apr 03 11:47:50.402449 2026] [core:notice] [pid 16160:tid 452] AH00094: Command line: 'D:\\laragon\\bin\\apache\\httpd-2.4.54-win64-VS16\\bin\\httpd -d D:/laragon/bin/apache/httpd-2.4.54-win64-VS16'
[Fri Apr 03 11:47:50.725482 2026] [mpm_winnt:notice] [pid 16160:tid 452] AH00418: Parent: Created child process 7208
[Fri Apr 03 11:47:53.087396 2026] [mpm_winnt:notice] [pid 7208:tid 452] AH00354: Child: Starting 64 worker threads.
[Mon Apr 06 09:47:05.302146 2026] [core:warn] [pid 10632:tid 452] AH00098: pid file D:/laragon/bin/apache/httpd-2.4.54-win64-VS16/logs/httpd.pid overwritten -- Unclean shutdown of previous Apache run?
[Mon Apr 06 09:47:05.306801 2026] [mpm_winnt:notice] [pid 10632:tid 452] AH00455: Apache/2.4.54 (Win64) OpenSSL/1.1.1q mod_fcgid/2.3.10-dev configured -- resuming normal operations
[Mon Apr 06 09:47:05.309101 2026] [mpm_winnt:notice] [pid 10632:tid 452] AH00456: Apache Lounge VS16 Server built: Jun 22 2022 09:58:15
[Mon Apr 06 09:47:05.309101 2026] [core:notice] [pid 10632:tid 452] AH00094: Command line: 'D:\\laragon\\bin\\apache\\httpd-2.4.54-win64-VS16\\bin\\httpd -d D:/laragon/bin/apache/httpd-2.4.54-win64-VS16'
[Mon Apr 06 09:47:05.316948 2026] [mpm_winnt:notice] [pid 10632:tid 452] AH00418: Parent: Created child process 4688
[Mon Apr 06 09:47:06.096888 2026] [mpm_winnt:notice] [pid 4688:tid 472] AH00354: Child: Starting 64 worker threads.
[Mon Apr 06 20:22:07.930590 2026] [mpm_winnt:notice] [pid 10632:tid 452] AH00428: Parent: child process 4688 exited with status 1073807364 -- Restarting.
[Tue Apr 07 10:09:32.933833 2026] [core:warn] [pid 7584:tid 452] AH00098: pid file D:/laragon/bin/apache/httpd-2.4.54-win64-VS16/logs/httpd.pid overwritten -- Unclean shutdown of previous Apache run?
[Tue Apr 07 10:09:32.938985 2026] [mpm_winnt:notice] [pid 7584:tid 452] AH00455: Apache/2.4.54 (Win64) OpenSSL/1.1.1q mod_fcgid/2.3.10-dev configured -- resuming normal operations
[Tue Apr 07 10:09:32.938985 2026] [mpm_winnt:notice] [pid 7584:tid 452] AH00456: Apache Lounge VS16 Server built: Jun 22 2022 09:58:15
[Tue Apr 07 10:09:32.938985 2026] [core:notice] [pid 7584:tid 452] AH00094: Command line: 'D:\\laragon\\bin\\apache\\httpd-2.4.54-win64-VS16\\bin\\httpd -d D:/laragon/bin/apache/httpd-2.4.54-win64-VS16'
[Tue Apr 07 10:09:32.943797 2026] [mpm_winnt:notice] [pid 7584:tid 452] AH00418: Parent: Created child process 21264
[Tue Apr 07 10:09:33.533890 2026] [mpm_winnt:notice] [pid 21264:tid 452] AH00354: Child: Starting 64 worker threads.
[Wed Apr 08 15:03:25.336765 2026] [core:warn] [pid 6588:tid 456] AH00098: pid file D:/laragon/bin/apache/httpd-2.4.54-win64-VS16/logs/httpd.pid overwritten -- Unclean shutdown of previous Apache run?
[Wed Apr 08 15:03:25.346478 2026] [mpm_winnt:notice] [pid 6588:tid 456] AH00455: Apache/2.4.54 (Win64) OpenSSL/1.1.1q mod_fcgid/2.3.10-dev configured -- resuming normal operations
[Wed Apr 08 15:03:25.346478 2026] [mpm_winnt:notice] [pid 6588:tid 456] AH00456: Apache Lounge VS16 Server built: Jun 22 2022 09:58:15
[Wed Apr 08 15:03:25.346478 2026] [core:notice] [pid 6588:tid 456] AH00094: Command line: 'D:\\laragon\\bin\\apache\\httpd-2.4.54-win64-VS16\\bin\\httpd -d D:/laragon/bin/apache/httpd-2.4.54-win64-VS16'
[Wed Apr 08 15:03:25.351501 2026] [mpm_winnt:notice] [pid 6588:tid 456] AH00418: Parent: Created child process 6700
[Wed Apr 08 15:03:25.891811 2026] [mpm_winnt:notice] [pid 6700:tid 448] AH00354: Child: Starting 64 worker threads.
[Fri Apr 10 09:13:29.558119 2026] [core:warn] [pid 19396:tid 464] AH00098: pid file D:/laragon/bin/apache/httpd-2.4.54-win64-VS16/logs/httpd.pid overwritten -- Unclean shutdown of previous Apache run?
[Fri Apr 10 09:13:29.565604 2026] [mpm_winnt:notice] [pid 19396:tid 464] AH00455: Apache/2.4.54 (Win64) OpenSSL/1.1.1q mod_fcgid/2.3.10-dev configured -- resuming normal operations
[Fri Apr 10 09:13:29.565604 2026] [mpm_winnt:notice] [pid 19396:tid 464] AH00456: Apache Lounge VS16 Server built: Jun 22 2022 09:58:15
[Fri Apr 10 09:13:29.565604 2026] [core:notice] [pid 19396:tid 464] AH00094: Command line: 'D:\\laragon\\bin\\apache\\httpd-2.4.54-win64-VS16\\bin\\httpd -d D:/laragon/bin/apache/httpd-2.4.54-win64-VS16'
[Fri Apr 10 09:13:29.565604 2026] [mpm_winnt:notice] [pid 19396:tid 464] AH00418: Parent: Created child process 19120
[Fri Apr 10 09:13:30.136398 2026] [mpm_winnt:notice] [pid 19120:tid 456] AH00354: Child: Starting 64 worker threads.
[Fri Apr 10 23:44:03.292206 2026] [mpm_winnt:crit] [pid 19120:tid 456] AH02538: Child: Parent process exited abruptly. Child process is ending
[Fri Apr 10 23:44:05.305363 2026] [mpm_winnt:notice] [pid 19120:tid 456] AH00364: Child: All worker threads have exited.
[Fri Apr 10 23:44:13.784987 2026] [fcgid:error] [pid 19120] FastCGI process 8504 still did not exit, terminating forcefully
[Sat Apr 11 10:55:57.682106 2026] [core:warn] [pid 17616:tid 472] AH00098: pid file D:/laragon/bin/apache/httpd-2.4.54-win64-VS16/logs/httpd.pid overwritten -- Unclean shutdown of previous Apache run?
[Sat Apr 11 10:55:57.687501 2026] [mpm_winnt:notice] [pid 17616:tid 472] AH00455: Apache/2.4.54 (Win64) OpenSSL/1.1.1q mod_fcgid/2.3.10-dev configured -- resuming normal operations
[Sat Apr 11 10:55:57.687501 2026] [mpm_winnt:notice] [pid 17616:tid 472] AH00456: Apache Lounge VS16 Server built: Jun 22 2022 09:58:15
[Sat Apr 11 10:55:57.687501 2026] [core:notice] [pid 17616:tid 472] AH00094: Command line: 'D:\\laragon\\bin\\apache\\httpd-2.4.54-win64-VS16\\bin\\httpd -d D:/laragon/bin/apache/httpd-2.4.54-win64-VS16'
[Sat Apr 11 10:55:57.690714 2026] [mpm_winnt:notice] [pid 17616:tid 472] AH00418: Parent: Created child process 6380
[Sat Apr 11 10:55:58.150196 2026] [mpm_winnt:notice] [pid 6380:tid 448] AH00354: Child: Starting 64 worker threads.
[Sat Apr 11 13:07:24.960700 2026] [core:alert] [pid 6380:tid 1180] [client 127.0.0.1:63925] D:/laragon/www/adminthemelaravel/.htaccess: RewriteCond: cannot compile regular expression '(\\.css|\\.js|\\.svg|\\.png|\\.jpeg|.\\map|\\.jpg|\\.woff|.woff2|\\.ttf\\.gif|robots\\.txt)$'
[Sat Apr 11 14:40:25.514183 2026] [core:alert] [pid 6380:tid 1212] [client 127.0.0.1:54572] D:/laragon/www/adminthemelaravel/.htaccess: RewriteCond: cannot compile regular expression '(\\.css|\\.js|\\.svg|\\.png|\\.jpeg|.\\map|\\.jpg|\\.woff|.woff2|\\.ttf\\.gif|robots\\.txt)$'
[Tue Apr 14 18:49:31.730517 2026] [core:warn] [pid 18532:tid 460] AH00098: pid file D:/laragon/bin/apache/httpd-2.4.54-win64-VS16/logs/httpd.pid overwritten -- Unclean shutdown of previous Apache run?
[Tue Apr 14 18:49:31.733935 2026] [mpm_winnt:notice] [pid 18532:tid 460] AH00455: Apache/2.4.54 (Win64) OpenSSL/1.1.1q mod_fcgid/2.3.10-dev configured -- resuming normal operations
[Tue Apr 14 18:49:31.733935 2026] [mpm_winnt:notice] [pid 18532:tid 460] AH00456: Apache Lounge VS16 Server built: Jun 22 2022 09:58:15
[Tue Apr 14 18:49:31.733935 2026] [core:notice] [pid 18532:tid 460] AH00094: Command line: 'D:\\laragon\\bin\\apache\\httpd-2.4.54-win64-VS16\\bin\\httpd -d D:/laragon/bin/apache/httpd-2.4.54-win64-VS16'
[Tue Apr 14 18:49:31.739197 2026] [mpm_winnt:notice] [pid 18532:tid 460] AH00418: Parent: Created child process 4760
Apache server interrupted...
026] [mpm_winnt:notice] [pid 4760:tid 464] AH00354: Child: Starting 64 worker threads.
[Tue Apr 14 18:50:17.020262 2026] [mpm_winnt:notice] [pid 18532:tid 460] AH00422: Parent: Received shutdown signal -- Shutting down the server.
[Tue Apr 14 18:50:19.034988 2026] [mpm_winnt:notice] [pid 4760:tid 464] AH00364: Child: All worker threads have exited.
[Tue Apr 14 18:50:23.506712 2026] [core:warn] [pid 20472:tid 452] AH00098: pid file D:/laragon/bin/apache/httpd-2.4.54-win64-VS16/logs/httpd.pid overwritten -- Unclean shutdown of previous Apache run?
[Tue Apr 14 18:50:23.514277 2026] [mpm_winnt:notice] [pid 20472:tid 452] AH00455: Apache/2.4.54 (Win64) OpenSSL/1.1.1q mod_fcgid/2.3.10-dev configured -- resuming normal operations
[Tue Apr 14 18:50:23.514277 2026] [mpm_winnt:notice] [pid 20472:tid 452] AH00456: Apache Lounge VS16 Server built: Jun 22 2022 09:58:15
[Tue Apr 14 18:50:23.514277 2026] [core:notice] [pid 20472:tid 452] AH00094: Command line: 'D:\\laragon\\bin\\apache\\httpd-2.4.54-win64-VS16\\bin\\httpd -d D:/laragon/bin/apache/httpd-2.4.54-win64-VS16'
[Tue Apr 14 18:50:23.520483 2026] [mpm_winnt:notice] [pid 20472:tid 452] AH00418: Parent: Created child process 784
Apache server interrupted...
026] [mpm_winnt:notice] [pid 784:tid 508] AH00354: Child: Starting 64 worker threads.
[Tue Apr 14 18:50:44.722678 2026] [mpm_winnt:notice] [pid 20472:tid 452] AH00422: Parent: Received shutdown signal -- Shutting down the server.
[Tue Apr 14 18:50:46.740424 2026] [mpm_winnt:notice] [pid 784:tid 508] AH00364: Child: All worker threads have exited.
[Tue Apr 14 18:50:50.266835 2026] [core:warn] [pid 21508:tid 452] AH00098: pid file D:/laragon/bin/apache/httpd-2.4.54-win64-VS16/logs/httpd.pid overwritten -- Unclean shutdown of previous Apache run?
[Tue Apr 14 18:50:50.276802 2026] [mpm_winnt:notice] [pid 21508:tid 452] AH00455: Apache/2.4.54 (Win64) OpenSSL/1.1.1q mod_fcgid/2.3.10-dev configured -- resuming normal operations
[Tue Apr 14 18:50:50.276802 2026] [mpm_winnt:notice] [pid 21508:tid 452] AH00456: Apache Lounge VS16 Server built: Jun 22 2022 09:58:15
[Tue Apr 14 18:50:50.276802 2026] [core:notice] [pid 21508:tid 452] AH00094: Command line: 'D:\\laragon\\bin\\apache\\httpd-2.4.54-win64-VS16\\bin\\httpd -d D:/laragon/bin/apache/httpd-2.4.54-win64-VS16'
[Tue Apr 14 18:50:50.283796 2026] [mpm_winnt:notice] [pid 21508:tid 452] AH00418: Parent: Created child process 11588
[Tue Apr 14 18:50:51.149120 2026] [mpm_winnt:notice] [pid 11588:tid 464] AH00354: Child: Starting 64 worker threads.
[Fri Apr 17 18:10:58.152269 2026] [core:warn] [pid 16756:tid 444] AH00098: pid file D:/laragon/bin/apache/httpd-2.4.54-win64-VS16/logs/httpd.pid overwritten -- Unclean shutdown of previous Apache run?
[Fri Apr 17 18:10:58.158006 2026] [mpm_winnt:notice] [pid 16756:tid 444] AH00455: Apache/2.4.54 (Win64) OpenSSL/1.1.1q mod_fcgid/2.3.10-dev configured -- resuming normal operations
[Fri Apr 17 18:10:58.158006 2026] [mpm_winnt:notice] [pid 16756:tid 444] AH00456: Apache Lounge VS16 Server built: Jun 22 2022 09:58:15
[Fri Apr 17 18:10:58.158006 2026] [core:notice] [pid 16756:tid 444] AH00094: Command line: 'D:\\laragon\\bin\\apache\\httpd-2.4.54-win64-VS16\\bin\\httpd -d D:/laragon/bin/apache/httpd-2.4.54-win64-VS16'
[Fri Apr 17 18:10:58.162021 2026] [mpm_winnt:notice] [pid 16756:tid 444] AH00418: Parent: Created child process 7768
[Fri Apr 17 18:10:58.782561 2026] [mpm_winnt:notice] [pid 7768:tid 472] AH00354: Child: Starting 64 worker threads.
