2c44 start_logger              154 ---- 2026/04/17 18:11:00.978 -------------------------------------------------
2c44 start_logger              160 Host process is 'cmd.exe' (pid 11332)
2c44 start_logger              164 DLL path is 'D:\laragon\bin\cmder\vendor\clink'
2c44 start_logger              178 Windows version 10.0.26200 (x64)
2c44 start_logger              181 Clink version 1.2.46.69fc92 (x64)
2c44 hook_setter::hook_setter  156 >>> Started hook transaction.
2c44 hook_setter::attach_iat   313 Attempting to hook SetEnvironmentVariableW in IAT for module 00007FF7B7540000.
2c44 pe_info::iterate_imports  160 Found import in 'api-ms-win-core-processenvironment-l1-1-0.dll'
2c44 find_iat                  121 Found import at 00007FF7B757AE70 (value is 00007FFD9D2C37F0).
2c44 hook_setter::attach_iat   313 Attempting to hook WriteConsoleW in IAT for module 00007FF7B7540000.
2c44 pe_info::iterate_imports  160 Found import in 'api-ms-win-core-console-l1-1-0.dll'
2c44 find_iat                  121 Found import at 00007FF7B757AAB8 (value is 00007FFD9D2BDC60).
2c44 hook_setter::attach_iat   313 Attempting to hook GetEnvironmentVariableW in IAT for module 00007FF7B7540000.
2c44 pe_info::iterate_imports  160 Found import in 'api-ms-win-core-processenvironment-l1-1-0.dll'
2c44 find_iat                  121 Found import at 00007FF7B757AE50 (value is 00007FFD9D2A4060).
2c44 hook_setter::commit       204 <<< Hook transaction committed.
2c44 hook_setter::hook_setter  156 >>> Started hook transaction.
2c44 hook_setter::detach_iat   356 Attempting to unhook 00007FFD7435ADF0 from GetEnvironmentVariableW in IAT for module 00007FF7B7540000.
2c44 pe_info::iterate_imports  160 Found import in 'api-ms-win-core-processenvironment-l1-1-0.dll'
2c44 find_iat                  121 Found import at 00007FF7B757AE50 (value is 00007FFD7435ADF0).
2c44 hook_setter::commit       204 <<< Hook transaction committed.
2c44 hook_setter::hook_setter  156 >>> Started hook transaction.
2c44 hook_setter::attach_iat   313 Attempting to hook ReadConsoleW in IAT for module 00007FF7B7540000.
2c44 pe_info::iterate_imports  160 Found import in 'api-ms-win-core-console-l1-1-0.dll'
2c44 find_iat                  121 Found import at 00007FF7B757AAC8 (value is 00007FFD9D2A4880).
2c44 hook_setter::commit       204 <<< Hook transaction committed.
2c44 reset_handle              145 resetting mismatched stdin handle
2c44 reset_handle              145 resetting mismatched stdout handle
2c44 win_screen_buffer::begin  227 Using native terminal support; found 'ConEmuHk64.dll'.
2c44 reset_handle              145 resetting mismatched stdout handle
2c44 reset_handle              145 resetting mismatched stderr handle
2c44 history_db::initialise   1268 master bank ctag: |CTAG_1663167284_18455859_4204_0
2c44 history_db::compact      1492 History:  107 active, 265 deleted
